2023-01-20 00:21:51 [main] INFO  c.t.s.t.t.k.s.TwitterToKafkaServiceApplication - Starting TwitterToKafkaServiceApplication using Java 17.0.5 with PID 50778 (/home/aman/Realtime-Projects/scekdm/twitter-to-kafka-service/target/classes started by aman in /home/aman/Realtime-Projects/scekdm)
2023-01-20 00:21:51 [main] INFO  c.t.s.t.t.k.s.TwitterToKafkaServiceApplication - No active profile set, falling back to 1 default profile: "default"
2023-01-20 00:21:52 [main] WARN  o.s.c.a.AnnotationConfigApplicationContext - Exception encountered during context initialization - cancelling refresh attempt: org.springframework.beans.factory.UnsatisfiedDependencyException: Error creating bean with name 'twitterToKafkaServiceApplication': Unsatisfied dependency expressed through constructor parameter 1: No qualifying bean of type 'runner.service.kafka.to.twitter.com.tp.scekdm.config.StreamRunner' available: expected at least 1 bean which qualifies as autowire candidate. Dependency annotations: {}
2023-01-20 00:21:52 [main] INFO  o.s.b.a.l.ConditionEvaluationReportLogger - 

Error starting ApplicationContext. To display the condition evaluation report re-run your application with 'debug' enabled.
2023-01-20 00:21:52 [main] ERROR o.s.b.d.LoggingFailureAnalysisReporter - 

***************************
APPLICATION FAILED TO START
***************************

Description:

Parameter 1 of constructor in service.kafka.to.twitter.com.tp.scekdm.config.TwitterToKafkaServiceApplication required a bean of type 'runner.service.kafka.to.twitter.com.tp.scekdm.config.StreamRunner' that could not be found.


Action:

Consider defining a bean of type 'runner.service.kafka.to.twitter.com.tp.scekdm.config.StreamRunner' in your configuration.

2023-01-20 00:29:16 [main] INFO  c.t.s.t.t.k.s.TwitterToKafkaServiceApplication - Starting TwitterToKafkaServiceApplication using Java 17.0.5 with PID 51307 (/home/aman/Realtime-Projects/scekdm/twitter-to-kafka-service/target/classes started by aman in /home/aman/Realtime-Projects/scekdm)
2023-01-20 00:29:16 [main] INFO  c.t.s.t.t.k.s.TwitterToKafkaServiceApplication - No active profile set, falling back to 1 default profile: "default"
2023-01-20 00:29:17 [main] INFO  c.t.s.t.t.k.s.TwitterToKafkaServiceApplication - Started TwitterToKafkaServiceApplication in 0.773 seconds (process running for 1.167)
2023-01-20 00:29:17 [main] INFO  c.t.s.t.t.k.s.TwitterToKafkaServiceApplication - App starts...
2023-01-20 00:29:17 [main] INFO  c.t.s.t.t.k.s.TwitterToKafkaServiceApplication - [Java, Microservices, Spring, Kafka, Elasticsearch]
2023-01-20 00:29:17 [Twitter Stream consumer /  [1][initializing]] INFO  twitter4j.TwitterStreamImpl - Establishing connection.
2023-01-20 00:29:17 [main] INFO  c.t.s.t.t.k.s.l.TwitterKafkaStatusListener - Started filtering twitter stream for keywords [Java, Microservices, Spring, Kafka, Elasticsearch]
2023-01-20 00:29:18 [Twitter Stream consumer /  [1][Establishing connection]] INFO  twitter4j.TwitterStreamImpl - 403:The request is understood, but it has been refused. An accompanying error message will explain why. This code is used when requests are being denied due to update limits (https://support.twitter.com/articles/15364-about-twitter-limits-update-api-dm-and-following).
message - You currently have Essential access which includes access to Twitter API v2 endpoints only. If you need access to this endpoint, you’ll need to apply for Elevated access via the Developer Portal. You can learn more here: https://developer.twitter.com/en/docs/twitter-api/getting-started/about-twitter-api#v2-access-leve
code - 453

2023-01-20 00:29:18 [Twitter Stream consumer /  [1][Establishing connection]] WARN  twitter4j.TwitterStreamImpl - This account is not in required role. 403:The request is understood, but it has been refused. An accompanying error message will explain why. This code is used when requests are being denied due to update limits (https://support.twitter.com/articles/15364-about-twitter-limits-update-api-dm-and-following).
message - You currently have Essential access which includes access to Twitter API v2 endpoints only. If you need access to this endpoint, you’ll need to apply for Elevated access via the Developer Portal. You can learn more here: https://developer.twitter.com/en/docs/twitter-api/getting-started/about-twitter-api#v2-access-leve
code - 453

2023-01-20 02:29:44 [main] INFO  c.t.s.t.t.k.s.TwitterToKafkaServiceApplication - Starting TwitterToKafkaServiceApplication using Java 17.0.5 with PID 60971 (/home/aman/Realtime-Projects/scekdm/twitter-to-kafka-service/target/classes started by aman in /home/aman/Realtime-Projects/scekdm)
2023-01-20 02:29:44 [main] INFO  c.t.s.t.t.k.s.TwitterToKafkaServiceApplication - No active profile set, falling back to 1 default profile: "default"
2023-01-20 02:29:44 [main] INFO  c.t.s.t.t.k.s.TwitterToKafkaServiceApplication - Started TwitterToKafkaServiceApplication in 0.758 seconds (process running for 1.156)
2023-01-20 02:29:44 [main] INFO  c.t.s.t.t.k.s.TwitterToKafkaServiceApplication - App starts...
2023-01-20 02:29:44 [main] INFO  c.t.s.t.t.k.s.TwitterToKafkaServiceApplication - [Java, Microservices, Spring, Kafka, Elasticsearch]
2023-01-20 02:29:44 [main] INFO  c.t.s.t.t.k.s.r.i.TwitterV2KafkaStreamRunner - Created filter for twitter stream for keywords : [Java, Microservices, Spring, Kafka, Elasticsearch]
2023-01-20 02:29:46 [main] INFO  c.t.s.t.t.k.s.r.i.TwitterV2StreamHelper - Created rules for twitter stream Java
2023-01-20 02:29:46 [main] INFO  o.s.b.a.l.ConditionEvaluationReportLogger - 

Error starting ApplicationContext. To display the condition evaluation report re-run your application with 'debug' enabled.
2023-01-20 02:29:46 [main] ERROR o.s.boot.SpringApplication - Application run failed
java.lang.IllegalStateException: Failed to execute CommandLineRunner
	at org.springframework.boot.SpringApplication.callRunner(SpringApplication.java:770)
	at org.springframework.boot.SpringApplication.callRunners(SpringApplication.java:751)
	at org.springframework.boot.SpringApplication.run(SpringApplication.java:315)
	at org.springframework.boot.SpringApplication.run(SpringApplication.java:1302)
	at org.springframework.boot.SpringApplication.run(SpringApplication.java:1291)
	at service.kafka.to.twitter.com.tp.scekdm.config.TwitterToKafkaServiceApplication.main(TwitterToKafkaServiceApplication.java:25)
Caused by: org.json.JSONException: A JSONObject text must begin with '{' at 3 [character 4 line 1]
	at org.json.JSONTokener.syntaxError(JSONTokener.java:501)
	at org.json.JSONObject.<init>(JSONObject.java:208)
	at org.json.JSONObject.<init>(JSONObject.java:404)
	at impl.runner.service.kafka.to.twitter.com.tp.scekdm.config.TwitterV2StreamHelper.getFormattedTweet(TwitterV2StreamHelper.java:256)
	at impl.runner.service.kafka.to.twitter.com.tp.scekdm.config.TwitterV2StreamHelper.connectStream(TwitterV2StreamHelper.java:111)
	at impl.runner.service.kafka.to.twitter.com.tp.scekdm.config.TwitterV2KafkaStreamRunner.start(TwitterV2KafkaStreamRunner.java:43)
	at service.kafka.to.twitter.com.tp.scekdm.config.TwitterToKafkaServiceApplication.run(TwitterToKafkaServiceApplication.java:33)
	at org.springframework.boot.SpringApplication.callRunner(SpringApplication.java:767)
	... 5 common frames omitted
2023-01-20 02:31:14 [main] INFO  c.t.s.t.t.k.s.TwitterToKafkaServiceApplication - Starting TwitterToKafkaServiceApplication using Java 17.0.5 with PID 61092 (/home/aman/Realtime-Projects/scekdm/twitter-to-kafka-service/target/classes started by aman in /home/aman/Realtime-Projects/scekdm)
2023-01-20 02:31:14 [main] INFO  c.t.s.t.t.k.s.TwitterToKafkaServiceApplication - No active profile set, falling back to 1 default profile: "default"
2023-01-20 02:31:14 [main] INFO  c.t.s.t.t.k.s.TwitterToKafkaServiceApplication - Started TwitterToKafkaServiceApplication in 0.749 seconds (process running for 1.193)
2023-01-20 02:31:14 [main] INFO  c.t.s.t.t.k.s.TwitterToKafkaServiceApplication - App starts...
2023-01-20 02:31:14 [main] INFO  c.t.s.t.t.k.s.TwitterToKafkaServiceApplication - [Java, Microservices, Spring, Kafka, Elasticsearch]
2023-01-20 02:31:14 [main] INFO  c.t.s.t.t.k.s.r.i.TwitterV2KafkaStreamRunner - Created filter for twitter stream for keywords : [Java, Microservices, Spring, Kafka, Elasticsearch]
2023-01-20 02:31:15 [main] INFO  c.t.s.t.t.k.s.r.i.TwitterV2StreamHelper - Created rules for twitter stream Java
2023-01-20 02:31:16 [main] INFO  o.s.b.a.l.ConditionEvaluationReportLogger - 

Error starting ApplicationContext. To display the condition evaluation report re-run your application with 'debug' enabled.
2023-01-20 02:31:16 [main] ERROR o.s.boot.SpringApplication - Application run failed
java.lang.IllegalStateException: Failed to execute CommandLineRunner
	at org.springframework.boot.SpringApplication.callRunner(SpringApplication.java:770)
	at org.springframework.boot.SpringApplication.callRunners(SpringApplication.java:751)
	at org.springframework.boot.SpringApplication.run(SpringApplication.java:315)
	at org.springframework.boot.SpringApplication.run(SpringApplication.java:1302)
	at org.springframework.boot.SpringApplication.run(SpringApplication.java:1291)
	at service.kafka.to.twitter.com.tp.scekdm.config.TwitterToKafkaServiceApplication.main(TwitterToKafkaServiceApplication.java:25)
Caused by: org.json.JSONException: A JSONObject text must begin with '{' at 3 [character 4 line 1]
	at org.json.JSONTokener.syntaxError(JSONTokener.java:501)
	at org.json.JSONObject.<init>(JSONObject.java:208)
	at org.json.JSONObject.<init>(JSONObject.java:404)
	at impl.runner.service.kafka.to.twitter.com.tp.scekdm.config.TwitterV2StreamHelper.getFormattedTweet(TwitterV2StreamHelper.java:257)
	at impl.runner.service.kafka.to.twitter.com.tp.scekdm.config.TwitterV2StreamHelper.connectStream(TwitterV2StreamHelper.java:111)
	at impl.runner.service.kafka.to.twitter.com.tp.scekdm.config.TwitterV2KafkaStreamRunner.start(TwitterV2KafkaStreamRunner.java:43)
	at service.kafka.to.twitter.com.tp.scekdm.config.TwitterToKafkaServiceApplication.run(TwitterToKafkaServiceApplication.java:33)
	at org.springframework.boot.SpringApplication.callRunner(SpringApplication.java:767)
	... 5 common frames omitted
2023-01-20 02:33:06 [main] INFO  c.t.s.t.t.k.s.TwitterToKafkaServiceApplication - Starting TwitterToKafkaServiceApplication using Java 17.0.5 with PID 61273 (/home/aman/Realtime-Projects/scekdm/twitter-to-kafka-service/target/classes started by aman in /home/aman/Realtime-Projects/scekdm)
2023-01-20 02:33:06 [main] INFO  c.t.s.t.t.k.s.TwitterToKafkaServiceApplication - No active profile set, falling back to 1 default profile: "default"
2023-01-20 02:33:06 [main] INFO  c.t.s.t.t.k.s.TwitterToKafkaServiceApplication - Started TwitterToKafkaServiceApplication in 0.788 seconds (process running for 1.258)
2023-01-20 02:33:06 [main] INFO  c.t.s.t.t.k.s.TwitterToKafkaServiceApplication - App starts...
2023-01-20 02:33:06 [main] INFO  c.t.s.t.t.k.s.TwitterToKafkaServiceApplication - [Java, Microservices, Spring, Kafka, Elasticsearch]
2023-01-20 02:33:06 [main] INFO  c.t.s.t.t.k.s.r.i.TwitterV2KafkaStreamRunner - Created filter for twitter stream for keywords : [Java, Microservices, Spring, Kafka, Elasticsearch]
2023-01-20 02:33:08 [main] INFO  c.t.s.t.t.k.s.r.i.TwitterV2StreamHelper - Created rules for twitter stream Java
2023-01-20 02:33:08 [main] INFO  o.s.b.a.l.ConditionEvaluationReportLogger - 

Error starting ApplicationContext. To display the condition evaluation report re-run your application with 'debug' enabled.
2023-01-20 02:33:08 [main] ERROR o.s.boot.SpringApplication - Application run failed
java.lang.IllegalStateException: Failed to execute CommandLineRunner
	at org.springframework.boot.SpringApplication.callRunner(SpringApplication.java:770)
	at org.springframework.boot.SpringApplication.callRunners(SpringApplication.java:751)
	at org.springframework.boot.SpringApplication.run(SpringApplication.java:315)
	at org.springframework.boot.SpringApplication.run(SpringApplication.java:1302)
	at org.springframework.boot.SpringApplication.run(SpringApplication.java:1291)
	at service.kafka.to.twitter.com.tp.scekdm.config.TwitterToKafkaServiceApplication.main(TwitterToKafkaServiceApplication.java:25)
Caused by: java.lang.NullPointerException: Cannot invoke "String.isEmpty()" because "line" is null
	at impl.runner.service.kafka.to.twitter.com.tp.scekdm.config.TwitterV2StreamHelper.connectStream(TwitterV2StreamHelper.java:110)
	at impl.runner.service.kafka.to.twitter.com.tp.scekdm.config.TwitterV2KafkaStreamRunner.start(TwitterV2KafkaStreamRunner.java:43)
	at service.kafka.to.twitter.com.tp.scekdm.config.TwitterToKafkaServiceApplication.run(TwitterToKafkaServiceApplication.java:33)
	at org.springframework.boot.SpringApplication.callRunner(SpringApplication.java:767)
	... 5 common frames omitted
2023-01-20 02:34:04 [main] INFO  c.t.s.t.t.k.s.TwitterToKafkaServiceApplication - Starting TwitterToKafkaServiceApplication using Java 17.0.5 with PID 61370 (/home/aman/Realtime-Projects/scekdm/twitter-to-kafka-service/target/classes started by aman in /home/aman/Realtime-Projects/scekdm)
2023-01-20 02:34:04 [main] INFO  c.t.s.t.t.k.s.TwitterToKafkaServiceApplication - No active profile set, falling back to 1 default profile: "default"
2023-01-20 02:34:04 [main] INFO  c.t.s.t.t.k.s.TwitterToKafkaServiceApplication - Started TwitterToKafkaServiceApplication in 0.736 seconds (process running for 1.219)
2023-01-20 02:34:04 [main] INFO  c.t.s.t.t.k.s.TwitterToKafkaServiceApplication - App starts...
2023-01-20 02:34:04 [main] INFO  c.t.s.t.t.k.s.TwitterToKafkaServiceApplication - [Java, Microservices, Spring, Kafka, Elasticsearch]
2023-01-20 02:34:04 [main] INFO  c.t.s.t.t.k.s.r.i.TwitterV2KafkaStreamRunner - Created filter for twitter stream for keywords : [Java, Microservices, Spring, Kafka, Elasticsearch]
2023-01-20 02:34:08 [main] INFO  c.t.s.t.t.k.s.r.i.TwitterV2StreamHelper - Created rules for twitter stream Java
2023-01-20 02:34:19 [main] INFO  c.t.s.t.t.k.s.l.TwitterKafkaStatusListener - Twitter status with text RT @wbiller: @khmarbaise @sz_sawicki @simas_ch Jupp, Spring Boot ist so ein Kandidat. Da werden auch immer "spezielle" Lösungen aufgebaut,…
2023-01-20 02:34:19 [main] INFO  c.t.s.t.t.k.s.l.TwitterKafkaStatusListener - Twitter status with text 😂😂😂 https://t.co/iw3JSq5mtm
2023-01-20 02:34:19 [main] INFO  c.t.s.t.t.k.s.l.TwitterKafkaStatusListener - Twitter status with text RT @seeingsun: "Glossolalia #123" by @heyjeres, congrats!

I can feel the spring 🍀 https://t.co/vsILkNDxdM
2023-01-20 02:34:19 [main] INFO  c.t.s.t.t.k.s.l.TwitterKafkaStatusListener - Twitter status with text RT @TheGoodPhight: Some thoughts today:

-As many have pointed out, Scott Kingery could be a candidate for the roster, but would need a ver…
2023-01-20 02:34:19 [main] INFO  c.t.s.t.t.k.s.l.TwitterKafkaStatusListener - Twitter status with text @JosepBorrellF 
Esta es la basura que apoyáis y se os pasa por la cabeza que este régimen tiene cabida en un futuro en vuestra absurda y corrupta Unión Europea? https://t.co/9ZUUQWcAIL
2023-01-20 02:34:19 [main] INFO  c.t.s.t.t.k.s.l.TwitterKafkaStatusListener - Twitter status with text RT @AppleTVPlus: Time to win the whole f***ing thing.

Here’s your first look at #TedLasso Season 3, coming to Apple TV+ this Spring. https…
2023-01-20 02:34:19 [main] INFO  c.t.s.t.t.k.s.l.TwitterKafkaStatusListener - Twitter status with text Anyone else find it creepy when someone is reporting on a big cable network in their bedroom with the spring loaded love making machine as their backdrop? $NFLX, #CNBC https://t.co/vdfkvojpMJ
2023-01-20 02:34:19 [main] INFO  c.t.s.t.t.k.s.l.TwitterKafkaStatusListener - Twitter status with text RT @bombers_academy: Check out the Texas Bombers Gold 14U 2023 Spring/Summer Schedule! #bombernation #bomberacademy https://t.co/Z2hh2FQd4y
2023-01-20 02:34:19 [main] INFO  c.t.s.t.t.k.s.l.TwitterKafkaStatusListener - Twitter status with text RT @juliancamposes: 5 RECURSOS PARA APRENDER JAVA en 2023

Si quieres aprender a programar con JAVA te dejo una lista de recursos que segur…
2023-01-20 02:34:19 [main] INFO  c.t.s.t.t.k.s.l.TwitterKafkaStatusListener - Twitter status with text The Los Padres National Forest will be conducting prescribed pile burns at Figueroa Mountain and various administrative sites on forest lands (Campgrounds, Trailheads, and Fire Stations) through the spring. **There is potential for burning this week.** https://t.co/qt0mBIfsBo
2023-01-20 02:34:19 [main] INFO  c.t.s.t.t.k.s.l.TwitterKafkaStatusListener - Twitter status with text RT @MrTruth_199: If you can retire early DO IT.... Life is too short enjoy it why you can. 

I just lost another good friend this week.  He…
2023-01-20 02:34:19 [main] INFO  c.t.s.t.t.k.s.l.TwitterKafkaStatusListener - Twitter status with text @tessplease Maybe a spring time one, but with more white colors and fentanyl-laced baby animals and hollowed out cabbages or something
2023-01-20 02:34:19 [main] INFO  c.t.s.t.t.k.s.l.TwitterKafkaStatusListener - Twitter status with text @loucodacinta vlwwwwwww
2023-01-20 02:34:26 [main] INFO  c.t.s.t.t.k.s.l.TwitterKafkaStatusListener - Twitter status with text RT @uisstudentlife: Spring Welcome keeps on rolling! We hope you have a chance to check out today's events - Meet the Deans 1-2pm, Career C…
2023-01-20 02:34:26 [main] INFO  c.t.s.t.t.k.s.l.TwitterKafkaStatusListener - Twitter status with text Calling all John Jay Bloodhounds. Welcome Back Bash Spring 2023 🎉 Thursday, Jan 26th-Save the Date- @JJayAthletics @JohnJayCJPhD @JohnJayResearch @JusticeAndOpp @johnjayvets https://t.co/gU6pFukKwY
2023-01-20 02:34:26 [main] INFO  c.t.s.t.t.k.s.l.TwitterKafkaStatusListener - Twitter status with text Contact me now for hacking or recovery problems #DataScience
#MachineLearning #Python #programming #DataScientists #Analytics #BigData #AI #DataScience #TensorFlow #Coding #Serverless #100DaysOfCode #CodeNewbie #IoT #DEVCommunity #DataOps #DataAnalytics #Database #Java  #Cloud https://t.co/i78JhW4aT1
2023-01-20 02:34:26 [main] INFO  c.t.s.t.t.k.s.l.TwitterKafkaStatusListener - Twitter status with text RT @IdeaFactoryIntl: 👑Who will be the NEXT KING OF DOKAPON?! 👑

We are excited to announce that the beloved hybrid RPG board game is coming…
2023-01-20 02:34:26 [main] INFO  c.t.s.t.t.k.s.l.TwitterKafkaStatusListener - Twitter status with text Truly excited for this coming spring. Have lots to organize and put together for my new up coming channel that I finally have time to work on! 
The past few years haven’t been easy, but it’s time to pick myself up and dust myself off and try again.
2023-01-20 02:34:26 [main] INFO  c.t.s.t.t.k.s.l.TwitterKafkaStatusListener - Twitter status with text @Hornetsch69 Have my main 5 a little challenge for ya! 👀 

Styrene the mink 
Sinclair the skunk 
Oasis the porcupine 
Kayla Spring the kangaroo
Bullet the emperor penguin https://t.co/RFcOELhQg0
2023-01-20 02:34:26 [main] INFO  c.t.s.t.t.k.s.l.TwitterKafkaStatusListener - Twitter status with text RT @thesoftestaura: laetitia casta at jean-louis scherrer haute couture spring/summer 1999 https://t.co/axBR5z9924
2023-01-20 02:34:26 [main] INFO  c.t.s.t.t.k.s.l.TwitterKafkaStatusListener - Twitter status with text RT @samanthaleonyy: Spring semester pls be good to me📚✨
2023-01-20 02:34:26 [main] INFO  c.t.s.t.t.k.s.l.TwitterKafkaStatusListener - Twitter status with text musical bash, unknowable Java, refactoring
2023-01-20 02:34:26 [main] INFO  c.t.s.t.t.k.s.l.TwitterKafkaStatusListener - Twitter status with text City and Madrid will reach peak form before the season ends 

But FWIW, only 1 of these teams (Madrid) designs their year long training schedule around peaking in the Spring..
2023-01-20 02:34:26 [main] INFO  c.t.s.t.t.k.s.l.TwitterKafkaStatusListener - Twitter status with text PICARD sac à épaule bandoulière Spring Crossbody Bag Palm Leaf
https://t.co/zfCYkWEhOW
2023-01-20 02:34:26 [main] INFO  c.t.s.t.t.k.s.l.TwitterKafkaStatusListener - Twitter status with text @Death_Bow I literally got plastic milk crates from behind the supermarket for my bookshelves, my first coffee table was a large cardboard box... I did spring for a new futon though.
2023-01-20 02:34:26 [main] INFO  c.t.s.t.t.k.s.l.TwitterKafkaStatusListener - Twitter status with text @MarciaG62389267 @JerasIkehorn https://t.co/gJGuCoY2cE
2023-01-20 02:34:26 [main] INFO  c.t.s.t.t.k.s.l.TwitterKafkaStatusListener - Twitter status with text RT @irfhabib: I walked and talked with @RahulGandhi in Punjab.

There is a spring in his step and conviction in his voice. And his knowledg…
2023-01-20 02:34:33 [main] INFO  c.t.s.t.t.k.s.l.TwitterKafkaStatusListener - Twitter status with text RT @Hackwithgibson1: Contact me now for hacking or recovery problems #DataScience
#MachineLearning #Python #programming #DataScientists #An…
2023-01-20 02:34:33 [main] INFO  c.t.s.t.t.k.s.l.TwitterKafkaStatusListener - Twitter status with text RT @ayepapa_: dates to the zoo, aquarium and museum spring and summer 23 🖤
2023-01-20 02:34:33 [main] INFO  c.t.s.t.t.k.s.l.TwitterKafkaStatusListener - Twitter status with text @royzoga @BlinkVII what do i want from you? WHAT DO I WANT FROM YA???

your hand to hold and a hot cup of java ahahah what's up
2023-01-20 02:34:33 [main] INFO  c.t.s.t.t.k.s.l.TwitterKafkaStatusListener - Twitter status with text All this rain and snow falling in California gets me excited for the spring!
2023-01-20 02:34:33 [main] INFO  c.t.s.t.t.k.s.l.TwitterKafkaStatusListener - Twitter status with text RT @mikeduncan: Just stumbled across the original list of Revolutions from the Spring of 2012. https://t.co/bGmm6hJZm2
2023-01-20 02:34:33 [main] INFO  c.t.s.t.t.k.s.l.TwitterKafkaStatusListener - Twitter status with text @rojas222icy I’m going to try some during the spring
2023-01-20 02:34:33 [main] INFO  c.t.s.t.t.k.s.l.TwitterKafkaStatusListener - Twitter status with text Dm  for quality help
#java
#cpp
#Accounting
#Math
#Statistics
#physics
#finance
 #chemistry
#Algebra
#BHCK
#KCST #HU #AOU
#ACK
#ACM
#AUM
#AUK
#MSM
#kuwait
#Homework
#Assignment
#researchpaper
DM https://t.co/X11sX9CO6U
2023-01-20 02:34:33 [main] INFO  c.t.s.t.t.k.s.l.TwitterKafkaStatusListener - Twitter status with text manchester turrrrrrrnnnnnnnnnnn da fuck up https://t.co/6e2ZNLThHc
2023-01-20 02:34:33 [main] INFO  c.t.s.t.t.k.s.l.TwitterKafkaStatusListener - Twitter status with text @LionInTexas10 This isn’t the “Aroldis Chapman needs Tommy John surgery” tweet notification I wanted
2023-01-20 02:34:33 [main] INFO  c.t.s.t.t.k.s.l.TwitterKafkaStatusListener - Twitter status with text RT @Contrary_Clare: On another freezing day, looking forward to spring is such a good tonic. Particularly excited to see my lilac coming ba…
2023-01-20 02:34:33 [main] INFO  c.t.s.t.t.k.s.l.TwitterKafkaStatusListener - Twitter status with text RT @vypehouston: WATCH OUT for @KleinForest⚽️ this Spring! 

@SoccerForest has a special class this season and looks to make some noise com…
2023-01-20 02:34:33 [main] INFO  c.t.s.t.t.k.s.l.TwitterKafkaStatusListener - Twitter status with text RT @kchartsmaster: “Spring Day” by @BTS_twt has now spent 6 consecutive years on MelOn Year-End Chart Top 100 (2017,2018,2019,2020,2021,202…
2023-01-20 02:34:33 [main] INFO  c.t.s.t.t.k.s.l.TwitterKafkaStatusListener - Twitter status with text RT @y_u_n_i_c_h_a_n: ettusais  2023 Spring Collection
－Flowery Layared－

春らしいお花のモチーフで型を作り、
実際に髪に型押しして花柄のヘアを作ってます🌷
#ettusais #spring #flower…
2023-01-20 02:34:33 [main] INFO  c.t.s.t.t.k.s.l.TwitterKafkaStatusListener - Twitter status with text @bhamconnected Hello - not sure what we’re supposed to be commenting on as there are two sets of plans shown. One is a cycleway on both Heath St & Winson Green Road, one is a cycleway/shared space on Dudley Road.
2023-01-20 02:34:33 [main] INFO  c.t.s.t.t.k.s.l.TwitterKafkaStatusListener - Twitter status with text RT @IdeaFactoryIntl: 👑Who will be the NEXT KING OF DOKAPON?! 👑

We are excited to announce that the beloved hybrid RPG board game is coming…
2023-01-20 02:34:43 [main] INFO  c.t.s.t.t.k.s.l.TwitterKafkaStatusListener - Twitter status with text Venture to do things then retreat lol! still main concentration is on health, fitness..til I get there ..guess going to be the same peak out of cubby once in awhile.. spring or summer on track for full health..😎
2023-01-20 02:34:43 [main] INFO  c.t.s.t.t.k.s.l.TwitterKafkaStatusListener - Twitter status with text RT @SNY_Mets: The Mets are in the process of assembling their roster of guest instructors for spring training, and one of their goals is to…
2023-01-20 02:34:43 [main] INFO  c.t.s.t.t.k.s.l.TwitterKafkaStatusListener - Twitter status with text @capcan1976 True enough her covid containment effort fell all the hell apart in Spring of 2022 but it was a success up to that point. So, her citizens were protected until treatments were in hand, no small achievement.
2023-01-20 02:34:43 [main] INFO  c.t.s.t.t.k.s.l.TwitterKafkaStatusListener - Twitter status with text RT @NemoAugustus: @MazzaDammit @Java_jigga I don't even know you but the phrase "talk on the phone pants" has made me fall in love with you…
2023-01-20 02:34:43 [main] INFO  c.t.s.t.t.k.s.l.TwitterKafkaStatusListener - Twitter status with text Garden range list spring writer couple red describe. https://t.co/qErFUdDUo3
2023-01-20 02:34:43 [main] INFO  c.t.s.t.t.k.s.l.TwitterKafkaStatusListener - Twitter status with text RT @kchartsmaster: Highest charting boygroup songs on MelOn 2022 Year-End Chart:

#1 Still Life
#2 Dynamite
#3 Butter
#4 Permission to Danc…
2023-01-20 02:34:43 [main] INFO  c.t.s.t.t.k.s.l.TwitterKafkaStatusListener - Twitter status with text RT @liyingmelon: This Spring Festival, #ZhaoLiying fans are blessed!

Four evenings ❤️🔥
January 21 (Chinese New Year's Eve) 19:30 CCTV Spri…
2023-01-20 02:34:43 [main] INFO  c.t.s.t.t.k.s.l.TwitterKafkaStatusListener - Twitter status with text RT @WoodlandTrust: 🦋#BrimstoneButterflies hibernate in plant cover such as ivy, where their wings closely resemble leaves and provide excel…
2023-01-20 02:34:43 [main] INFO  c.t.s.t.t.k.s.l.TwitterKafkaStatusListener - Twitter status with text Approximately 1-10 acres (10-100 piles) of slash from felled dead trees and brush will be burned daily. The burns will be conducted when the meteorological conditions are highly favorable to direct smoke away from population centers.
2023-01-20 02:34:43 [main] INFO  c.t.s.t.t.k.s.l.TwitterKafkaStatusListener - Twitter status with text New Story: Spring Sports Registration https://t.co/iDGMhpQuDH
2023-01-20 02:34:43 [main] INFO  c.t.s.t.t.k.s.l.TwitterKafkaStatusListener - Twitter status with text RT @ATVPlusNews: #AmirArison has joined the cast of #SinkingSpring, starring #BrianTyreeHenry, written by #PeterCraig and executive produce…
2023-01-20 02:34:43 [main] INFO  c.t.s.t.t.k.s.l.TwitterKafkaStatusListener - Twitter status with text RT @Brionesports: [2023 #LCK SPRING R1 vs NS]

개막전 승리로 기분 좋은 시작⚡️스따트!
토요일 다음 경기도 리드하겠습니다.🥳

Goooooood start with the victory of the opening…
2023-01-20 02:34:43 [main] INFO  c.t.s.t.t.k.s.l.TwitterKafkaStatusListener - Twitter status with text RT @madebyysmn: First Korean Global Ambassador Gucci 2019 
Kai in the Gucci eyewear spring/summer campaign 
Kai x Gucci Capsule Collection…
2023-01-20 02:34:43 [main] INFO  c.t.s.t.t.k.s.l.TwitterKafkaStatusListener - Twitter status with text RT @ZimEye: Who's the real Gaffa?;
Retweet for WINKY D; Like for JAVA https://t.co/S7fV8Hkfwd
2023-01-20 02:34:43 [main] INFO  c.t.s.t.t.k.s.l.TwitterKafkaStatusListener - Twitter status with text 😂😂😂 https://t.co/uAJgC8RbNA
2023-01-20 02:34:51 [main] INFO  c.t.s.t.t.k.s.l.TwitterKafkaStatusListener - Twitter status with text @boobuuthefool Hmu for help
2023-01-20 02:34:51 [main] INFO  c.t.s.t.t.k.s.l.TwitterKafkaStatusListener - Twitter status with text RT @_Chemistrytutor: Spring semester just began!
Need help with Chemistry, Math & Biology assignments?
Hmu 
We handle ;
Genetics
Anatomy
Or…
2023-01-20 02:34:51 [main] INFO  c.t.s.t.t.k.s.l.TwitterKafkaStatusListener - Twitter status with text RT @MazzaDammit: @Java_jigga Once got threatened with "disciplinary action" for wearing jeans instead of khakis at a telesales job and told…
2023-01-20 02:34:51 [main] INFO  c.t.s.t.t.k.s.l.TwitterKafkaStatusListener - Twitter status with text Getting closer to spring anyway. 60 days !! https://t.co/Dw2XngMl4s
2023-01-20 02:34:51 [main] INFO  c.t.s.t.t.k.s.l.TwitterKafkaStatusListener - Twitter status with text RT @DiscussingFilm: First look at ‘TED LASSO’ Season 3 

The series releases in Spring on Apple TV+ https://t.co/JFqT1Y7l13
2023-01-20 02:34:51 [main] INFO  c.t.s.t.t.k.s.l.TwitterKafkaStatusListener - Twitter status with text @pr0fiteer @Java_jigga Ugh I hate fluff.

When my coworkers dm me “good morning” or “hello” AND THEN NOTHING UNTIL I RESPOND 🙃

Just get to the point, ask/tell me what you need to and move on, please!
2023-01-20 02:34:51 [main] INFO  c.t.s.t.t.k.s.l.TwitterKafkaStatusListener - Twitter status with text WHO WANTS TO DRIVE EACHOTHER INSANE OVER A 100+ HOUR MONOPOLY MEETS DND SUFFERING FEST?!?! CAUSE I KNOW I DO!!!! https://t.co/rcZNW2lr11 https://t.co/xKMI2p48j0
2023-01-20 02:34:51 [main] INFO  c.t.s.t.t.k.s.l.TwitterKafkaStatusListener - Twitter status with text RT @TheRealRoyKent: Fffuuunnnnn… oh fucking hell, just like the other fucks said, we’re back Spring 2023. https://t.co/AndcL4jSMm
2023-01-20 02:34:51 [main] INFO  c.t.s.t.t.k.s.l.TwitterKafkaStatusListener - Twitter status with text RT @OKWildlifeDept: SPEND SPRING BREAK IN MIAMI (oklahoma) 
PARTYING (interning) WITH YOUR FRIENDS (coworkers) 
AT THE BEACH (oklahoma padd…
2023-01-20 02:34:51 [main] INFO  c.t.s.t.t.k.s.l.TwitterKafkaStatusListener - Twitter status with text RT @retonthenet: Vintage St George #Rhodium Plated Expanding #Armlet Shirt Sleeve Spring #ArmBands New Original Box

https://t.co/VfSULvSyd…
2023-01-20 02:34:51 [main] INFO  c.t.s.t.t.k.s.l.TwitterKafkaStatusListener - Twitter status with text RT @YesterdaysBrit1: Mmmm...come springtime, I'll be giving my lawn the attention it deserves. 

#spring #GardenersWorld #Flashback #nostal…
2023-01-20 02:34:51 [main] INFO  c.t.s.t.t.k.s.l.TwitterKafkaStatusListener - Twitter status with text @J_Kohlenberger Falls Du zurücktritts, spring bitte dabei von einem Dach
2023-01-20 02:34:51 [main] INFO  c.t.s.t.t.k.s.l.TwitterKafkaStatusListener - Twitter status with text RT @GEMS_ISV: ISV ($GEMS $GEMS.c $GEMSF) is pleased to announce an airborne magnetic gradiometer survey at the Camaro Hellcat #Lithium Proj…
2023-01-20 02:34:51 [main] INFO  c.t.s.t.t.k.s.l.TwitterKafkaStatusListener - Twitter status with text RT @OKWildlifeDept: SPEND SPRING BREAK IN MIAMI (oklahoma) 
PARTYING (interning) WITH YOUR FRIENDS (coworkers) 
AT THE BEACH (oklahoma padd…
2023-01-20 02:34:51 [main] INFO  c.t.s.t.t.k.s.l.TwitterKafkaStatusListener - Twitter status with text the only time i ever related to kafka https://t.co/f7gYVvdyN6
2023-01-20 02:34:58 [main] INFO  c.t.s.t.t.k.s.TwitterToKafkaServiceApplication - Starting TwitterToKafkaServiceApplication using Java 17.0.5 with PID 61487 (/home/aman/Realtime-Projects/scekdm/twitter-to-kafka-service/target/classes started by aman in /home/aman/Realtime-Projects/scekdm)
2023-01-20 02:34:58 [main] INFO  c.t.s.t.t.k.s.TwitterToKafkaServiceApplication - No active profile set, falling back to 1 default profile: "default"
2023-01-20 02:34:58 [main] INFO  c.t.s.t.t.k.s.TwitterToKafkaServiceApplication - Started TwitterToKafkaServiceApplication in 0.756 seconds (process running for 1.177)
2023-01-20 02:34:58 [main] INFO  c.t.s.t.t.k.s.TwitterToKafkaServiceApplication - App starts...
2023-01-20 02:34:58 [main] INFO  c.t.s.t.t.k.s.TwitterToKafkaServiceApplication - [Java, Microservices, Spring, Kafka, Elasticsearch]
2023-01-20 02:34:58 [main] INFO  c.t.s.t.t.k.s.r.i.TwitterV2KafkaStreamRunner - Created filter for twitter stream for keywords : [Java, Microservices, Spring, Kafka, Elasticsearch]
2023-01-20 02:35:00 [main] INFO  c.t.s.t.t.k.s.r.i.TwitterV2StreamHelper - Created rules for twitter stream Java
2023-01-20 02:35:12 [main] INFO  c.t.s.t.t.k.s.l.TwitterKafkaStatusListener - Twitter status with text @CTVNews @jvrCTV https://t.co/hAjQenC4tU
2023-01-20 02:35:12 [main] INFO  c.t.s.t.t.k.s.l.TwitterKafkaStatusListener - Twitter status with text @mauriciojr @rponte desenvolvimento usando mac é muito á frente do windows e digo que no linux tb. Docker roda perfeitamente no mac, só com isso já era, olha que trabalho ainda com unity, no fim a pergunta que define tudo é: vai desenvolver em swift? se sim, só mac mesmo pq o resto é gambiarra.
2023-01-20 02:35:12 [main] INFO  c.t.s.t.t.k.s.l.TwitterKafkaStatusListener - Twitter status with text https://t.co/dxVPTW3LsQ https://t.co/qFO7zXYHyK
2023-01-20 02:35:12 [main] INFO  c.t.s.t.t.k.s.l.TwitterKafkaStatusListener - Twitter status with text RT @thesoftestaura: acne studios spring 2021 rtw https://t.co/bNvnEqcsgI
2023-01-20 02:35:12 [main] INFO  c.t.s.t.t.k.s.l.TwitterKafkaStatusListener - Twitter status with text RT @Muna_Codez: Comment #Google vous suit-il ?
 #AI #DataSecurity #DataAnalytics #RStats #Reactjs #Python #php #flutter #java #TensorFlow #…
2023-01-20 02:35:12 [main] INFO  c.t.s.t.t.k.s.l.TwitterKafkaStatusListener - Twitter status with text RT @finiteinseven: remember when jimin changed the spring day choreography so he can do this to taehyung 😭 
https://t.co/Xp2YcbLp3F
2023-01-20 02:35:12 [main] INFO  c.t.s.t.t.k.s.l.TwitterKafkaStatusListener - Twitter status with text RT @ki_spring: streaming  performance

A New My Territory 2023
『Improvise』　

1/20(金) 19:00〜
https://t.co/4q7sIG5di1

チェロ / ロビン デュプイ
@robin3…
2023-01-20 02:35:12 [main] INFO  c.t.s.t.t.k.s.l.TwitterKafkaStatusListener - Twitter status with text RT @charts_k: .@BTS_twt and members on Melon 2022 Yearly Chart 🇰🇷

#9 That That
#31 Dynamite (3rd yr)
#36 Butter (2nd yr)
#47 Permission To…
2023-01-20 02:35:12 [main] INFO  c.t.s.t.t.k.s.l.TwitterKafkaStatusListener - Twitter status with text ランキング:1位 (ゲーム、おもちゃ)

コナミ 遊戯王OCG デュエルモンスターズ レアリティ・コレクション クォーター・センチュリー......(06:05)

https://t.co/ERBIu461Uw
2023-01-20 02:35:12 [main] INFO  c.t.s.t.t.k.s.l.TwitterKafkaStatusListener - Twitter status with text RT @xalopez: austin butler is that guy who goes to spain for spring break once and never stops pronouncing it 'barthelona'
2023-01-20 02:35:12 [main] INFO  c.t.s.t.t.k.s.l.TwitterKafkaStatusListener - Twitter status with text @boobuuthefool I will have you covered
2023-01-20 02:35:12 [main] INFO  c.t.s.t.t.k.s.l.TwitterKafkaStatusListener - Twitter status with text Beautifully renovated 4 bedroom, 2 bath home in Spring Branch! Open floorplan with a formal dining room. New engineered wood flooring & carpet, updated bathrooms & kitchen! Fabulous kitchen with quartz countertops, tile backsplash, large island, Stainless steel appliances and... https://t.co/pNIcfbGsi2
2023-01-20 02:35:12 [main] INFO  c.t.s.t.t.k.s.l.TwitterKafkaStatusListener - Twitter status with text RT @Muna_Codez: Comment #Google vous suit-il ?
 #AI #DataSecurity #DataAnalytics #RStats #Reactjs #Python #php #flutter #java #TensorFlow #…
2023-01-20 02:35:12 [main] INFO  c.t.s.t.t.k.s.l.TwitterKafkaStatusListener - Twitter status with text @Jennife92013100 Garden range list spring writer couple red describe.
2023-01-20 02:35:18 [main] INFO  c.t.s.t.t.k.s.l.TwitterKafkaStatusListener - Twitter status with text Spring refinery maintenance season to be busier than usual
https://t.co/SdDB9zVQMS https://t.co/99pGkafVPI
2023-01-20 02:35:18 [main] INFO  c.t.s.t.t.k.s.l.TwitterKafkaStatusListener - Twitter status with text PNBN News: Exegenesis Bio gets FDA nod to begin human testing of macular degeneration treatment: The company, which has its U.S. headquarters at the Spring House Innovation Park, expects to begin enrolling ... #biotech #news https://t.co/lYXAGqnj4o
2023-01-20 02:35:18 [main] INFO  c.t.s.t.t.k.s.l.TwitterKafkaStatusListener - Twitter status with text RT @y_u_n_i_c_h_a_n: ettusais  2023 Spring Collection
－Flowery Layared－

春らしいお花のモチーフで型を作り、
実際に髪に型押しして花柄のヘアを作ってます🌷
#ettusais #spring #flower…
2023-01-20 02:35:18 [main] INFO  c.t.s.t.t.k.s.l.TwitterKafkaStatusListener - Twitter status with text RT @ResearchGuru6: Dm  for quality help
#java
#cpp
#Accounting
#Math
#Statistics
#physics
#finance
 #chemistry
#Algebra
#BHCK
#KCST #HU #AO…
2023-01-20 02:35:18 [main] INFO  c.t.s.t.t.k.s.l.TwitterKafkaStatusListener - Twitter status with text @queenofleon10 https://t.co/i205pIGt8A
2023-01-20 02:35:18 [main] INFO  c.t.s.t.t.k.s.l.TwitterKafkaStatusListener - Twitter status with text Hybrid/Local Java Architect with PL/SQL, Struts, Hibernate/JPA, SOA, Devops, CI/CD, Azure, and Agile experience https://t.co/ZxdaqKl6fI
2023-01-20 02:35:18 [main] INFO  c.t.s.t.t.k.s.l.TwitterKafkaStatusListener - Twitter status with text RT @Hackwithgibson1: Contact me now for hacking or recovery problems #DataScience
#MachineLearning #Python #programming #DataScientists #An…
2023-01-20 02:35:18 [main] INFO  c.t.s.t.t.k.s.l.TwitterKafkaStatusListener - Twitter status with text RT @PyData: ⏰ 1-Month countdown to the @PyDataSeattle CFP begins NOW ⏰

Join us this spring in beautiful Seattle for the return of our annu…
2023-01-20 02:35:18 [main] INFO  c.t.s.t.t.k.s.l.TwitterKafkaStatusListener - Twitter status with text RT @adoughtyimages: A Splintering, 
a fragmentation
Whorls spiral out, 
no bounds
Concentrically, 
as a spring released
Entropy beyond any…
2023-01-20 02:35:18 [main] INFO  c.t.s.t.t.k.s.l.TwitterKafkaStatusListener - Twitter status with text @ArnieGorgenson @JRumplefinger Cant wait to get out of this therapy session and hit the road. #Philosophy #LiberalismIsAMentalDisease
2023-01-20 02:35:18 [main] INFO  c.t.s.t.t.k.s.l.TwitterKafkaStatusListener - Twitter status with text RT @gordinhostop: @Avaliadorti @MaraSnc56207953 @eupatycamargoo @angelicahot82 @casalexibicao23 @MaluSan69 @ksalmalu4847 @shiningcouple @ka…
2023-01-20 02:35:18 [main] INFO  c.t.s.t.t.k.s.l.TwitterKafkaStatusListener - Twitter status with text RT @watswrongwjay: my sister got a franz kafka cake for her 16th birthday https://t.co/9TwhhI0dVT
2023-01-20 02:35:18 [main] INFO  c.t.s.t.t.k.s.l.TwitterKafkaStatusListener - Twitter status with text @80skidgrownup1 Resolution, Spring and The Endless all ended up in my best of the year films.
2023-01-20 02:35:18 [main] INFO  c.t.s.t.t.k.s.l.TwitterKafkaStatusListener - Twitter status with text RT @nahz_oaix: Henan Spring Festival 2023, tonight 19:30

Wang Yibo is the 9th performance (without adding the transition shows》！

Link: ht…
2023-01-20 02:35:32 [main] INFO  c.t.s.t.t.k.s.l.TwitterKafkaStatusListener - Twitter status with text @memoart_dadrien Titus d'Enfer (premier roman de la trilogie de Gormenghast) de Mervyn Peake, et de loin.
Mais on ne peut pas le réduire à du "médiéval fantastique" : c'est un chef-d'oeuvre de la littérature qui évoque aussi Dickens, Kafka, etc.
2023-01-20 02:35:32 [main] INFO  c.t.s.t.t.k.s.l.TwitterKafkaStatusListener - Twitter status with text New Dog Friendly Bar Hits Atlantic City This Spring https://t.co/CpaMJUpi1Q
2023-01-20 02:35:32 [main] INFO  c.t.s.t.t.k.s.l.TwitterKafkaStatusListener - Twitter status with text @no_average_brit @Delta I can’t wait til the spring time Cause I with them and Southwest 😭
2023-01-20 02:35:32 [main] INFO  c.t.s.t.t.k.s.l.TwitterKafkaStatusListener - Twitter status with text Here I am going along like everything is fine in the world and then I see Steam changed our release from "Spring 2023" to "March 2023." STEAM NO. 😱

It's fixed now. I hope no one saw that. https://t.co/5kacu8w56E
2023-01-20 02:35:32 [main] INFO  c.t.s.t.t.k.s.l.TwitterKafkaStatusListener - Twitter status with text RT @AmschelKavka: If you are unable to write to me, don’t write to me, but let me write to you and repeat day by day what you already know…
2023-01-20 02:35:32 [main] INFO  c.t.s.t.t.k.s.l.TwitterKafkaStatusListener - Twitter status with text @rglavimans @sch_fred @danalsnogdus @KAFKA_Dev Hij weet het niet. Hij roept maar wat.
2023-01-20 02:35:32 [main] INFO  c.t.s.t.t.k.s.l.TwitterKafkaStatusListener - Twitter status with text RT @brisa_cisneros3: praying that this spring semester is good to me 🥹📚
2023-01-20 02:35:32 [main] INFO  c.t.s.t.t.k.s.l.TwitterKafkaStatusListener - Twitter status with text @UtweetsE Fantastisk tråd!👍
2023-01-20 02:35:32 [main] INFO  c.t.s.t.t.k.s.l.TwitterKafkaStatusListener - Twitter status with text @ThatEricAlper would be ashamed of "That 90's Show". Have Us music aficionados' life's work been for Nought?
No Pearl Jam
No Beck
No Gin Blossoms
No TLC
No Toad(TTWS)
No Blur
No Jewel (Appeared on Conan spring '95)
No Bryan Adams
No Sheryl
No Eagles (just regrouped)... /3
2023-01-20 02:35:32 [main] INFO  c.t.s.t.t.k.s.l.TwitterKafkaStatusListener - Twitter status with text No Lisa Loeb
No Boyz II Men (except for some cringe karaoke love from grandpa)
No Seal
No INXS
No All-4-One
No Ace Of Base
No Smashing Pumpkins
No STP ('Like, Seriously' no STP???) .../4
2023-01-20 02:35:32 [main] INFO  c.t.s.t.t.k.s.l.TwitterKafkaStatusListener - Twitter status with text DM for:-
#Essay due
#Pay write
#javascript
#Online class take
#Philosophy 
#Chemistry
#Literature
#Calculus1
#Biology
#Python
#Nursing
#psychology
#Essayhelp
#Essay
#Essaypay
#100DaysOfCode
#WomenWhoCode
#Java https://t.co/gmt1uj0dNv
2023-01-20 02:35:32 [main] INFO  c.t.s.t.t.k.s.l.TwitterKafkaStatusListener - Twitter status with text RT @dramapotatoe: #WangYibo for Henan TV’s Spring Festival Gala 

More snaps - https://t.co/qmu5MjOlfr https://t.co/MaIKhpL5rR
2023-01-20 02:35:32 [main] INFO  c.t.s.t.t.k.s.l.TwitterKafkaStatusListener - Twitter status with text @irfhabib @RahulGandhi Shekhchilli Naam suna hai na pappu mar gaya shekhchilli paida ho gaya
2023-01-20 02:35:32 [main] INFO  c.t.s.t.t.k.s.l.TwitterKafkaStatusListener - Twitter status with text RT @AnnaBellaPics: Currently blooming in the plant room … iris reticulata giving a much needed spring vibe💙 #gardening #flowers https://t.c…
2023-01-20 02:35:41 [main] INFO  c.t.s.t.t.k.s.l.TwitterKafkaStatusListener - Twitter status with text Dsl mais j’ai pensé à Kafka https://t.co/d4rAwwB5cN
2023-01-20 02:35:41 [main] INFO  c.t.s.t.t.k.s.l.TwitterKafkaStatusListener - Twitter status with text RT @bombers_academy: Check out the Texas Bombers Gold 14U 2023 Spring/Summer Schedule! #bombernation #bomberacademy https://t.co/Z2hh2FQd4y
2023-01-20 02:35:41 [main] INFO  c.t.s.t.t.k.s.l.TwitterKafkaStatusListener - Twitter status with text RT @bloguers_net: 📢 Invitando a Kafka

Una historia delirante, caótica y Kafkiana que pretende poner de manifiesto, mediante un artificio s…
2023-01-20 02:35:41 [main] INFO  c.t.s.t.t.k.s.l.TwitterKafkaStatusListener - Twitter status with text #AgeofWonders4 is coming to consoles and PC this spring. 

https://t.co/K7BRdFa42B https://t.co/XY3PjFnTI7
2023-01-20 02:35:41 [main] INFO  c.t.s.t.t.k.s.l.TwitterKafkaStatusListener - Twitter status with text @ValerieEclipsee @RoyaleHighValks Oooh! I love it
2023-01-20 02:35:41 [main] INFO  c.t.s.t.t.k.s.l.TwitterKafkaStatusListener - Twitter status with text @Nate_0511 @BigJoeBastardi Yes. It has been done. We know a lot about geothermal heat sources. We can track deep sea hot spring water blobs from their source. There is a TON of published research. It is NOT warming the ocean surface. Joe won't listen. He keeps claiming nobody has looked into it.
2023-01-20 02:35:41 [main] INFO  c.t.s.t.t.k.s.l.TwitterKafkaStatusListener - Twitter status with text Welcome back to campus for the Spring Semester. Join us Tuesday (1/24) for our Welcome Back Dinner. Featuring: freshly carved steak & turkey, loaded mashed potatoes, smash burgers & ranch fries, buffalo chicken pizza, vegan black bean burgers, ship inspired desserts & more! https://t.co/3Hy7ilvjI1
2023-01-20 02:35:41 [main] INFO  c.t.s.t.t.k.s.l.TwitterKafkaStatusListener - Twitter status with text @jay_scherrer https://t.co/EJZRMRfrLK
2023-01-20 02:35:41 [main] INFO  c.t.s.t.t.k.s.l.TwitterKafkaStatusListener - Twitter status with text RT @Carroll_HS_FB: Fort Wayne Area College Day 2023 - April 24, 25, 26 - College coaches take notice!  Spring ball is right around the corn…
2023-01-20 02:35:41 [main] INFO  c.t.s.t.t.k.s.l.TwitterKafkaStatusListener - Twitter status with text RT @CallerNaked: The price cut stunt can keep the lights in the various plants on for a couple of quarters more.

But ultimately $TSLA has…
2023-01-20 02:35:41 [main] INFO  c.t.s.t.t.k.s.l.TwitterKafkaStatusListener - Twitter status with text RT @kchartsmaster: “Spring Day” by @BTS_twt has now spent 6 consecutive years on MelOn Year-End Chart Top 100 (2017,2018,2019,2020,2021,202…
2023-01-20 02:35:41 [main] INFO  c.t.s.t.t.k.s.l.TwitterKafkaStatusListener - Twitter status with text RT @subhash_kak: Must  Read -  A comprehensive essay on Borobudur, the great mountain-like temple in Central Java, by Uday Dokras

https://…
2023-01-20 02:35:41 [main] INFO  c.t.s.t.t.k.s.l.TwitterKafkaStatusListener - Twitter status with text RT @TheatreUCC: Come along to our 3 wonderful speakers taking part in our Spring 2023 Perforum Series👇
📆25th January | Rhona Coughlan 
📆1st…
2023-01-20 02:35:41 [main] INFO  c.t.s.t.t.k.s.l.TwitterKafkaStatusListener - Twitter status with text RT @valkyriephd: for those who don’t know, for the 2 spring note type items in your inventory (one just says spring note, the other says 3…
2023-01-20 02:35:41 [main] INFO  c.t.s.t.t.k.s.l.TwitterKafkaStatusListener - Twitter status with text RT @scrumtuous: I just got Twitter verified! Now two very cool things happen: 

✅I've got the blue checkmark next to my name
✅When you like…
2023-01-20 02:35:48 [main] INFO  c.t.s.t.t.k.s.l.TwitterKafkaStatusListener - Twitter status with text RT @HIGH_TIMES_Mag: There are indications that British Colombia is considering public cannabis consumption spaces. In spring 2022, the prov…
2023-01-20 02:35:48 [main] INFO  c.t.s.t.t.k.s.l.TwitterKafkaStatusListener - Twitter status with text @kristzler @lingerie_addict OMG! Talk about a throwback!
2023-01-20 02:35:48 [main] INFO  c.t.s.t.t.k.s.l.TwitterKafkaStatusListener - Twitter status with text @4presidentAl @toni21_a @KAFKA_Dev O vertel, wat is er niet waar wat @GideonvMeijeren verteld
2023-01-20 02:35:48 [main] INFO  c.t.s.t.t.k.s.l.TwitterKafkaStatusListener - Twitter status with text @NYPoliticalMom It's sunny and 50 right now in NE Ohio/Cleveland.  They're talking like we're about to have a full blizzard here. I don't see any signs of it. Looks like Spring.. It can wait because I need to run out in a bit and don't like being caught in bad weather alone.
2023-01-20 02:35:48 [main] INFO  c.t.s.t.t.k.s.l.TwitterKafkaStatusListener - Twitter status with text OHHH GUE BARU INGET waktu itu yang dibawa ke laboratorium SPring-8 kalo gak salah filternya sama selang. NAHH mungkin tipe filternya persis begini. karena selama setahun filter gak dipake ya wajar aja, soalnya selangnya bisa dilepas. https://t.co/jJT8IKdDYQ
2023-01-20 02:35:48 [main] INFO  c.t.s.t.t.k.s.l.TwitterKafkaStatusListener - Twitter status with text RT @VBCA2018: Cherry Hill West HS, NJ 
Coming through Central VA first week in April on Spring Break, looking for a V/JV game 4/5, 4/7. Let…
2023-01-20 02:35:48 [main] INFO  c.t.s.t.t.k.s.l.TwitterKafkaStatusListener - Twitter status with text D’ailleurs j’arrive même pas à finir le livre arghhh
2023-01-20 02:35:48 [main] INFO  c.t.s.t.t.k.s.l.TwitterKafkaStatusListener - Twitter status with text RT @spring_O423: 230119 서가대 #제노 #JENO
앵콜할 때 빝박스 박자 빨라진거 알아챈거 너무 귀여움(⁎⁍̴̀﹃ ⁍̴́⁎)♡ https://t.co/ux9UQgj6QW
2023-01-20 02:35:48 [main] INFO  c.t.s.t.t.k.s.l.TwitterKafkaStatusListener - Twitter status with text RT @yamazakipan_cp: ＼#春のパンまつりカウントダウン キャンペーン🌸／

1/31(火)まで毎日開催✨
えらべるPay1,000円分がその場で当たる❗️

✅応募方法
①@yamazakipan_cp をフォロー
②この投稿を1/19 23:59までにRT…
2023-01-20 02:35:48 [main] INFO  c.t.s.t.t.k.s.l.TwitterKafkaStatusListener - Twitter status with text And them here is who supposed to be running the football federation? Utter fuckry.
2023-01-20 02:35:48 [main] INFO  c.t.s.t.t.k.s.l.TwitterKafkaStatusListener - Twitter status with text RT @To_our_lovely: 🌸 𝕃𝕠𝕧𝕖𝕝𝕪 𝕤𝕡𝕣𝕚𝕟𝕘 ℍ𝕪𝕦𝕟𝕛𝕚𝕟 𝔻𝕒𝕪 
                                          - 𝓑𝓲𝓻𝓽𝓱𝓭𝓪𝔂 𝓮𝓿𝓮𝓷𝓽 𝓬𝓪𝓯𝓮

2023.03.20 
서울 #폴링디저트 
스트레…
2023-01-20 02:35:48 [main] INFO  c.t.s.t.t.k.s.l.TwitterKafkaStatusListener - Twitter status with text Java Burn Product Review! https://t.co/WXwq7BaoXB #ketodiet #keto #KetoForMentalHealth #ketosis #ketones #loseweight #losefat #health #healthylife #losefatfast #ketofatloss #lowcarb #lowcarbrecipes #lowcarbrecipe #weightloss #loseweight #loseweightfast #javaburn #javaburnreview https://t.co/s7SoQeJsqW
2023-01-20 02:35:48 [main] INFO  c.t.s.t.t.k.s.l.TwitterKafkaStatusListener - Twitter status with text @vIeeseter ik zag je tweet voorbij komen, dus ben je als groot boekenfan gaan volgen haha, maar: 
- alles van Haruki Murakami (kafka on the shore, the wind-up bird chronicle)
 - a man called ove (fredrik backman)
- the frolic of the beasts (yukio mishima)
2023-01-20 02:35:48 [main] INFO  c.t.s.t.t.k.s.l.TwitterKafkaStatusListener - Twitter status with text Imagine telling me I'm an indecent young lady because I called you out on your BS in a zoom meeting. Somebody better tell Otashie Spring doh play his dunce muddacunt with me
2023-01-20 02:35:48 [main] INFO  c.t.s.t.t.k.s.l.TwitterKafkaStatusListener - Twitter status with text Pay academic experts to help you write your 
#Essay
#Assignment
#Homework 
#Project
#Dissertation
#Thesis
#Javascript
#Python
#Java
#OOP
#Statistics
#KFUPM #KNUIV #GUST #FASU #JUST #UAEU #USJ #SQU #KSU #AUS #AUB #UOS #AOU #AUM #KAU #KUNIV #PAAET #ACM #aoukw #ACK #AUK #AUM https://t.co/ylXt4NCOYt
2023-01-20 02:37:24 [main] INFO  c.t.s.t.t.k.s.TwitterToKafkaServiceApplication - Starting TwitterToKafkaServiceApplication using Java 17.0.5 with PID 61649 (/home/aman/Realtime-Projects/scekdm/twitter-to-kafka-service/target/classes started by aman in /home/aman/Realtime-Projects/scekdm)
2023-01-20 02:37:24 [main] INFO  c.t.s.t.t.k.s.TwitterToKafkaServiceApplication - No active profile set, falling back to 1 default profile: "default"
2023-01-20 02:37:25 [main] INFO  c.t.s.t.t.k.s.TwitterToKafkaServiceApplication - Started TwitterToKafkaServiceApplication in 0.742 seconds (process running for 1.21)
2023-01-20 02:37:25 [main] INFO  c.t.s.t.t.k.s.TwitterToKafkaServiceApplication - App starts...
2023-01-20 02:37:25 [main] INFO  c.t.s.t.t.k.s.TwitterToKafkaServiceApplication - [Java, Microservices, Spring, Kafka, Elasticsearch]
2023-01-20 02:37:25 [main] INFO  c.t.s.t.t.k.s.r.i.TwitterV2KafkaStreamRunner - Created filter for twitter stream for keywords : [Java, Microservices, Spring, Kafka, Elasticsearch]
2023-01-20 02:37:26 [main] INFO  c.t.s.t.t.k.s.r.i.TwitterV2StreamHelper - Created rules for twitter stream Java
2023-01-20 02:37:26 [main] INFO  o.s.b.a.l.ConditionEvaluationReportLogger - 

Error starting ApplicationContext. To display the condition evaluation report re-run your application with 'debug' enabled.
2023-01-20 02:37:26 [main] ERROR o.s.boot.SpringApplication - Application run failed
java.lang.IllegalStateException: Failed to execute CommandLineRunner
	at org.springframework.boot.SpringApplication.callRunner(SpringApplication.java:770)
	at org.springframework.boot.SpringApplication.callRunners(SpringApplication.java:751)
	at org.springframework.boot.SpringApplication.run(SpringApplication.java:315)
	at org.springframework.boot.SpringApplication.run(SpringApplication.java:1302)
	at org.springframework.boot.SpringApplication.run(SpringApplication.java:1291)
	at service.kafka.to.twitter.com.tp.scekdm.config.TwitterToKafkaServiceApplication.main(TwitterToKafkaServiceApplication.java:25)
Caused by: org.json.JSONException: A JSONObject text must begin with '{' at 3 [character 4 line 1]
	at org.json.JSONTokener.syntaxError(JSONTokener.java:501)
	at org.json.JSONObject.<init>(JSONObject.java:208)
	at org.json.JSONObject.<init>(JSONObject.java:404)
	at impl.runner.service.kafka.to.twitter.com.tp.scekdm.config.TwitterV2StreamHelper.getFormattedTweet(TwitterV2StreamHelper.java:256)
	at impl.runner.service.kafka.to.twitter.com.tp.scekdm.config.TwitterV2StreamHelper.connectStream(TwitterV2StreamHelper.java:111)
	at impl.runner.service.kafka.to.twitter.com.tp.scekdm.config.TwitterV2KafkaStreamRunner.start(TwitterV2KafkaStreamRunner.java:43)
	at service.kafka.to.twitter.com.tp.scekdm.config.TwitterToKafkaServiceApplication.run(TwitterToKafkaServiceApplication.java:33)
	at org.springframework.boot.SpringApplication.callRunner(SpringApplication.java:767)
	... 5 common frames omitted
2023-01-20 02:40:42 [main] INFO  c.t.s.t.t.k.s.TwitterToKafkaServiceApplication - Starting TwitterToKafkaServiceApplication using Java 17.0.5 with PID 63559 (/home/aman/Realtime-Projects/scekdm/twitter-to-kafka-service/target/classes started by aman in /home/aman/Realtime-Projects/scekdm)
2023-01-20 02:40:42 [main] INFO  c.t.s.t.t.k.s.TwitterToKafkaServiceApplication - No active profile set, falling back to 1 default profile: "default"
2023-01-20 02:40:42 [main] INFO  c.t.s.t.t.k.s.TwitterToKafkaServiceApplication - Started TwitterToKafkaServiceApplication in 0.761 seconds (process running for 1.194)
2023-01-20 02:40:42 [main] INFO  c.t.s.t.t.k.s.TwitterToKafkaServiceApplication - App starts...
2023-01-20 02:40:42 [main] INFO  c.t.s.t.t.k.s.TwitterToKafkaServiceApplication - [Java, Microservices, Spring, Kafka, Elasticsearch]
2023-01-20 02:40:42 [main] INFO  c.t.s.t.t.k.s.r.i.TwitterV2KafkaStreamRunner - Created filter for twitter stream for keywords : [Java, Microservices, Spring, Kafka, Elasticsearch]
2023-01-20 02:40:44 [main] INFO  c.t.s.t.t.k.s.r.i.TwitterV2StreamHelper - Created rules for twitter stream Java
2023-01-20 02:40:44 [main] INFO  o.s.b.a.l.ConditionEvaluationReportLogger - 

Error starting ApplicationContext. To display the condition evaluation report re-run your application with 'debug' enabled.
2023-01-20 02:40:44 [main] ERROR o.s.boot.SpringApplication - Application run failed
java.lang.IllegalStateException: Failed to execute CommandLineRunner
	at org.springframework.boot.SpringApplication.callRunner(SpringApplication.java:770)
	at org.springframework.boot.SpringApplication.callRunners(SpringApplication.java:751)
	at org.springframework.boot.SpringApplication.run(SpringApplication.java:315)
	at org.springframework.boot.SpringApplication.run(SpringApplication.java:1302)
	at org.springframework.boot.SpringApplication.run(SpringApplication.java:1291)
	at service.kafka.to.twitter.com.tp.scekdm.config.TwitterToKafkaServiceApplication.main(TwitterToKafkaServiceApplication.java:25)
Caused by: org.json.JSONException: A JSONObject text must begin with '{' at 3 [character 4 line 1]
	at org.json.JSONTokener.syntaxError(JSONTokener.java:501)
	at org.json.JSONObject.<init>(JSONObject.java:208)
	at org.json.JSONObject.<init>(JSONObject.java:404)
	at impl.runner.service.kafka.to.twitter.com.tp.scekdm.config.TwitterV2StreamHelper.getFormattedTweet(TwitterV2StreamHelper.java:256)
	at impl.runner.service.kafka.to.twitter.com.tp.scekdm.config.TwitterV2StreamHelper.connectStream(TwitterV2StreamHelper.java:111)
	at impl.runner.service.kafka.to.twitter.com.tp.scekdm.config.TwitterV2KafkaStreamRunner.start(TwitterV2KafkaStreamRunner.java:43)
	at service.kafka.to.twitter.com.tp.scekdm.config.TwitterToKafkaServiceApplication.run(TwitterToKafkaServiceApplication.java:33)
	at org.springframework.boot.SpringApplication.callRunner(SpringApplication.java:767)
	... 5 common frames omitted
2023-01-20 02:43:39 [main] INFO  c.t.s.t.t.k.s.TwitterToKafkaServiceApplication - Starting TwitterToKafkaServiceApplication using Java 17.0.5 with PID 63879 (/home/aman/Realtime-Projects/scekdm/twitter-to-kafka-service/target/classes started by aman in /home/aman/Realtime-Projects/scekdm)
2023-01-20 02:43:39 [main] INFO  c.t.s.t.t.k.s.TwitterToKafkaServiceApplication - No active profile set, falling back to 1 default profile: "default"
2023-01-20 02:43:40 [main] INFO  c.t.s.t.t.k.s.TwitterToKafkaServiceApplication - Started TwitterToKafkaServiceApplication in 0.759 seconds (process running for 1.128)
2023-01-20 02:43:40 [main] INFO  c.t.s.t.t.k.s.TwitterToKafkaServiceApplication - App starts...
2023-01-20 02:43:40 [main] INFO  c.t.s.t.t.k.s.TwitterToKafkaServiceApplication - [Java, Microservices, Spring, Kafka, Elasticsearch]
2023-01-20 02:43:40 [main] INFO  c.t.s.t.t.k.s.r.i.TwitterV2KafkaStreamRunner - Created filter for twitter stream for keywords : [Java, Microservices, Spring, Kafka, Elasticsearch]
2023-01-20 02:43:41 [main] INFO  c.t.s.t.t.k.s.r.i.TwitterV2StreamHelper - Created rules for twitter stream Java
2023-01-20 02:43:55 [main] INFO  c.t.s.t.t.k.s.l.TwitterKafkaStatusListener - Twitter status with text RT @art_in_textiles: It is freezing outside but my view from the kitchen window of painted #Spring #flowers in pots is lifting my spirits.…
2023-01-20 02:43:55 [main] INFO  c.t.s.t.t.k.s.l.TwitterKafkaStatusListener - Twitter status with text @AdmireIIII we all believe u chris 🐐🔥💯
2023-01-20 02:43:55 [main] INFO  c.t.s.t.t.k.s.l.TwitterKafkaStatusListener - Twitter status with text @HsakaTrades StarEx Celebrate The Spring Festival-3000 SHIB Red Packets Up For Grabs. https://t.co/5SBMFi7p8I
2023-01-20 02:43:55 [main] INFO  c.t.s.t.t.k.s.l.TwitterKafkaStatusListener - Twitter status with text RT @Mingisjuliet: Mingi's spring smile is the prettiest :( https://t.co/Xrammj9gSJ
2023-01-20 02:43:55 [main] INFO  c.t.s.t.t.k.s.l.TwitterKafkaStatusListener - Twitter status with text @IdeaFactoryIntl Holy shit holy shit holy shit holy shit holy shit holy shit
2023-01-20 02:43:55 [main] INFO  c.t.s.t.t.k.s.l.TwitterKafkaStatusListener - Twitter status with text @ClaudetteGGibs1 But really. You hit "that age", you got me in the sack, but other dudes are...fucked? Judging. Even if you a mama, you got me. It's about respect and love. You aren't a spring chicken by then. My best...friend...was a mom, and it's about love. Sure, it fell apart. We have #s.
2023-01-20 02:43:55 [main] INFO  c.t.s.t.t.k.s.l.TwitterKafkaStatusListener - Twitter status with text https://t.co/kUgrbRmRBH

@MaidenSakib 
@RakibArnob7 
@SoyebFloyd
2023-01-20 02:43:55 [main] INFO  c.t.s.t.t.k.s.l.TwitterKafkaStatusListener - Twitter status with text @Tiffany98338662 Garden range list spring writer couple red describe.
2023-01-20 02:43:55 [main] INFO  c.t.s.t.t.k.s.l.TwitterKafkaStatusListener - Twitter status with text @hotaru_musubi @mifujimifuji ナカマ、イタ、イッショ、ガンバル
2023-01-20 02:43:55 [main] INFO  c.t.s.t.t.k.s.l.TwitterKafkaStatusListener - Twitter status with text RT @IamTommy2626: Please RT.

Its great to see the fightback  starting.
Leeds  now after  the  successes at  Hull and Rotherham Yorkshire a…
2023-01-20 02:43:55 [main] INFO  c.t.s.t.t.k.s.l.TwitterKafkaStatusListener - Twitter status with text It’s clear: it’s going to be a great semester with our Spring 2023 Fellows! 🤩 https://t.co/jaHl8AJNSj
2023-01-20 02:43:55 [main] INFO  c.t.s.t.t.k.s.l.TwitterKafkaStatusListener - Twitter status with text Poland Spring gallons $2.19. A buck less a year ago. #FJBLGBMAGA #IFBAP https://t.co/DZYY62fVBJ
2023-01-20 02:43:55 [main] INFO  c.t.s.t.t.k.s.l.TwitterKafkaStatusListener - Twitter status with text The spring offensive is coming! https://t.co/ekt6GYoRt2
2023-01-20 02:43:55 [main] INFO  c.t.s.t.t.k.s.l.TwitterKafkaStatusListener - Twitter status with text RT @EmmaBatemanGPW: Thanks to all who have helped me so far, I really appreciate it. 

I was sanctioned by GPEW for much of last year, and…
2023-01-20 02:44:01 [main] INFO  c.t.s.t.t.k.s.l.TwitterKafkaStatusListener - Twitter status with text @sandmanEST @wartranslated and also lack mandatory spring loaded turret
2023-01-20 02:44:01 [main] INFO  c.t.s.t.t.k.s.l.TwitterKafkaStatusListener - Twitter status with text I’ve been pretty set on moving to Silver Spring but I think it’s giving Hyattsville the more I look
2023-01-20 02:44:01 [main] INFO  c.t.s.t.t.k.s.l.TwitterKafkaStatusListener - Twitter status with text RT @thesoftestaura: acne studios spring 2021 rtw https://t.co/bNvnEqcsgI
2023-01-20 02:44:01 [main] INFO  c.t.s.t.t.k.s.l.TwitterKafkaStatusListener - Twitter status with text @aahrens430 Is Missouri often snowy in Feb Ann ? when does Spring arrive for you. We usually have to wait until April in Yorkshire
2023-01-20 02:44:01 [main] INFO  c.t.s.t.t.k.s.l.TwitterKafkaStatusListener - Twitter status with text RT @niklasgv: Idea de Kafka: la palabra incorrecta desvía. https://t.co/SeqVohZkj0
2023-01-20 02:44:01 [main] INFO  c.t.s.t.t.k.s.l.TwitterKafkaStatusListener - Twitter status with text @Tiffany44541244 @georgeisgeorges @Java_jigga You should send her an article about this lady who held her pee and then got some kidney disease or something and is dying.
2023-01-20 02:44:01 [main] INFO  c.t.s.t.t.k.s.l.TwitterKafkaStatusListener - Twitter status with text RT @kchartsmaster: “Spring Day” by @BTS_twt has now spent 6 consecutive years on MelOn Year-End Chart Top 100 (2017,2018,2019,2020,2021,202…
2023-01-20 02:44:01 [main] INFO  c.t.s.t.t.k.s.l.TwitterKafkaStatusListener - Twitter status with text RT @watswrongwjay: my sister got a franz kafka cake for her 16th birthday https://t.co/9TwhhI0dVT
2023-01-20 02:44:01 [main] INFO  c.t.s.t.t.k.s.l.TwitterKafkaStatusListener - Twitter status with text Hit 85 yesterday at the @Grind_Training Arm Barn. Excited by the increased velo over the winter and looking forward to the spring season @Tommygunzzz36 (2024 | LHP) #Uncommitted https://t.co/t3ram1xQmg
2023-01-20 02:44:01 [main] INFO  c.t.s.t.t.k.s.l.TwitterKafkaStatusListener - Twitter status with text Garden range list spring writer couple red describe. https://t.co/esPrHyXZNF
2023-01-20 02:44:01 [main] INFO  c.t.s.t.t.k.s.l.TwitterKafkaStatusListener - Twitter status with text If 👻 had👂 this would B sweet 🎶 2 them 🤪

Keep grinding Leo! 

We C your hard work 😓 

@TopPreps @GoMVB @GoMVBBaseball @BUncommitted @UncommittedUsa @JucoUncommitted @UCBPlayersIG @UncommittedEAST @CoastRecruits @UncommittedUTR https://t.co/zF06sXnk3J
2023-01-20 02:44:01 [main] INFO  c.t.s.t.t.k.s.l.TwitterKafkaStatusListener - Twitter status with text RT @MazzaDammit: @Java_jigga Once got threatened with "disciplinary action" for wearing jeans instead of khakis at a telesales job and told…
