2023-01-19 20:21:55 [main] INFO  c.t.s.t.t.k.s.TwitterToKafkaServiceApplication - Starting TwitterToKafkaServiceApplication using Java 17.0.5 with PID 33250 (/home/aman/Realtime-Projects/scekdm/twitter-to-kafka-service/target/classes started by aman in /home/aman/Realtime-Projects/scekdm)
2023-01-19 20:21:55 [main] INFO  c.t.s.t.t.k.s.TwitterToKafkaServiceApplication - No active profile set, falling back to 1 default profile: "default"
2023-01-19 20:21:55 [main] INFO  c.t.s.t.t.k.s.TwitterToKafkaServiceApplication - Started TwitterToKafkaServiceApplication in 0.845 seconds (process running for 1.495)
2023-01-19 20:21:55 [main] INFO  c.t.s.t.t.k.s.TwitterToKafkaServiceApplication - App starts...
2023-01-19 20:21:55 [main] INFO  c.t.s.t.t.k.s.TwitterToKafkaServiceApplication - [Java, Microservices, Spring, Kafka, Elasticsearch]
2023-01-19 20:22:15 [main] INFO  c.t.s.t.t.k.s.TwitterToKafkaServiceApplication - Starting TwitterToKafkaServiceApplication using Java 17.0.5 with PID 33358 (/home/aman/Realtime-Projects/scekdm/twitter-to-kafka-service/target/classes started by aman in /home/aman/Realtime-Projects/scekdm)
2023-01-19 20:22:15 [main] INFO  c.t.s.t.t.k.s.TwitterToKafkaServiceApplication - No active profile set, falling back to 1 default profile: "default"
2023-01-19 20:22:16 [main] INFO  c.t.s.t.t.k.s.TwitterToKafkaServiceApplication - Started TwitterToKafkaServiceApplication in 0.862 seconds (process running for 1.317)
2023-01-19 20:22:16 [main] INFO  c.t.s.t.t.k.s.TwitterToKafkaServiceApplication - App starts...
2023-01-19 20:22:16 [main] INFO  c.t.s.t.t.k.s.TwitterToKafkaServiceApplication - [Java, Microservices, Spring, Kafka, Elasticsearch]
2023-01-19 20:22:57 [main] INFO  c.t.s.t.t.k.s.TwitterToKafkaServiceApplication - Starting TwitterToKafkaServiceApplication using Java 17.0.5 with PID 34328 (/home/aman/Realtime-Projects/scekdm/twitter-to-kafka-service/target/classes started by aman in /home/aman/Realtime-Projects/scekdm)
2023-01-19 20:22:57 [main] INFO  c.t.s.t.t.k.s.TwitterToKafkaServiceApplication - No active profile set, falling back to 1 default profile: "default"
2023-01-19 20:22:58 [main] INFO  c.t.s.t.t.k.s.TwitterToKafkaServiceApplication - Started TwitterToKafkaServiceApplication in 0.784 seconds (process running for 1.212)
2023-01-19 20:22:58 [main] INFO  c.t.s.t.t.k.s.TwitterToKafkaServiceApplication - App starts...
2023-01-19 20:22:58 [main] INFO  c.t.s.t.t.k.s.TwitterToKafkaServiceApplication - [Java, Microservices, Spring, Kafka, Elasticsearch]
2023-01-19 20:23:41 [main] INFO  c.t.s.t.t.k.s.TwitterToKafkaServiceApplication - Starting TwitterToKafkaServiceApplication using Java 17.0.5 with PID 34427 (/home/aman/Realtime-Projects/scekdm/twitter-to-kafka-service/target/classes started by aman in /home/aman/Realtime-Projects/scekdm)
2023-01-19 20:23:41 [main] INFO  c.t.s.t.t.k.s.TwitterToKafkaServiceApplication - No active profile set, falling back to 1 default profile: "default"
2023-01-19 20:23:41 [main] INFO  c.t.s.t.t.k.s.TwitterToKafkaServiceApplication - Started TwitterToKafkaServiceApplication in 0.745 seconds (process running for 1.141)
2023-01-19 20:23:41 [main] INFO  c.t.s.t.t.k.s.TwitterToKafkaServiceApplication - App starts...
2023-01-19 20:23:41 [main] INFO  c.t.s.t.t.k.s.TwitterToKafkaServiceApplication - [Java, Microservices, Spring, Kafka, Elasticsearch]
2023-01-19 20:24:06 [main] INFO  c.t.s.t.t.k.s.TwitterToKafkaServiceApplication - Starting TwitterToKafkaServiceApplication using Java 17.0.5 with PID 34512 (/home/aman/Realtime-Projects/scekdm/twitter-to-kafka-service/target/classes started by aman in /home/aman/Realtime-Projects/scekdm)
2023-01-19 20:24:06 [main] INFO  c.t.s.t.t.k.s.TwitterToKafkaServiceApplication - No active profile set, falling back to 1 default profile: "default"
2023-01-19 20:24:06 [main] INFO  c.t.s.t.t.k.s.TwitterToKafkaServiceApplication - Started TwitterToKafkaServiceApplication in 0.752 seconds (process running for 1.212)
2023-01-19 20:24:06 [main] INFO  c.t.s.t.t.k.s.TwitterToKafkaServiceApplication - App starts...
2023-01-19 20:24:06 [main] INFO  c.t.s.t.t.k.s.TwitterToKafkaServiceApplication - [Java, Microservices, Spring, Kafka, Elasticsearch]
2023-01-19 20:24:30 [main] INFO  c.t.s.t.t.k.s.TwitterToKafkaServiceApplication - Starting TwitterToKafkaServiceApplication using Java 17.0.5 with PID 34602 (/home/aman/Realtime-Projects/scekdm/twitter-to-kafka-service/target/classes started by aman in /home/aman/Realtime-Projects/scekdm)
2023-01-19 20:24:30 [main] INFO  c.t.s.t.t.k.s.TwitterToKafkaServiceApplication - No active profile set, falling back to 1 default profile: "default"
2023-01-19 20:24:30 [main] INFO  c.t.s.t.t.k.s.TwitterToKafkaServiceApplication - Started TwitterToKafkaServiceApplication in 0.727 seconds (process running for 1.104)
2023-01-19 20:24:30 [main] INFO  c.t.s.t.t.k.s.TwitterToKafkaServiceApplication - App starts...
2023-01-19 20:24:30 [main] INFO  c.t.s.t.t.k.s.TwitterToKafkaServiceApplication - [Java, Microservices, Spring, Kafka, Elasticsearch]
2023-01-19 20:24:30 [main] INFO  o.s.b.a.l.ConditionEvaluationReportLogger - 

Error starting ApplicationContext. To display the condition evaluation report re-run your application with 'debug' enabled.
2023-01-19 20:24:30 [main] ERROR o.s.boot.SpringApplication - Application run failed
java.lang.IllegalStateException: Failed to execute CommandLineRunner
	at org.springframework.boot.SpringApplication.callRunner(SpringApplication.java:770)
	at org.springframework.boot.SpringApplication.callRunners(SpringApplication.java:751)
	at org.springframework.boot.SpringApplication.run(SpringApplication.java:315)
	at org.springframework.boot.SpringApplication.run(SpringApplication.java:1302)
	at org.springframework.boot.SpringApplication.run(SpringApplication.java:1291)
	at service.kafka.to.twitter.com.tp.scekdm.config.TwitterToKafkaServiceApplication.main(TwitterToKafkaServiceApplication.java:25)
Caused by: java.lang.UnsupportedOperationException: null
	at java.base/java.util.ImmutableCollections.uoe(ImmutableCollections.java:142)
	at java.base/java.util.ImmutableCollections$AbstractImmutableCollection.add(ImmutableCollections.java:147)
	at service.kafka.to.twitter.com.tp.scekdm.config.TwitterToKafkaServiceApplication.run(TwitterToKafkaServiceApplication.java:37)
	at org.springframework.boot.SpringApplication.callRunner(SpringApplication.java:767)
	... 5 common frames omitted
2023-01-19 20:24:37 [main] INFO  c.t.s.t.t.k.s.TwitterToKafkaServiceApplication - Starting TwitterToKafkaServiceApplication using Java 17.0.5 with PID 34681 (/home/aman/Realtime-Projects/scekdm/twitter-to-kafka-service/target/classes started by aman in /home/aman/Realtime-Projects/scekdm)
2023-01-19 20:24:37 [main] INFO  c.t.s.t.t.k.s.TwitterToKafkaServiceApplication - No active profile set, falling back to 1 default profile: "default"
2023-01-19 20:24:38 [main] INFO  c.t.s.t.t.k.s.TwitterToKafkaServiceApplication - Started TwitterToKafkaServiceApplication in 0.792 seconds (process running for 1.216)
2023-01-19 20:24:38 [main] INFO  c.t.s.t.t.k.s.TwitterToKafkaServiceApplication - App starts...
2023-01-19 20:24:38 [main] INFO  c.t.s.t.t.k.s.TwitterToKafkaServiceApplication - [Java, Microservices, Spring, Kafka, Elasticsearch]
2023-01-19 21:28:58 [main] INFO  c.t.s.t.t.k.s.TwitterToKafkaServiceApplication - Starting TwitterToKafkaServiceApplication using Java 17.0.5 with PID 38451 (/home/aman/Realtime-Projects/scekdm/twitter-to-kafka-service/target/classes started by aman in /home/aman/Realtime-Projects/scekdm)
2023-01-19 21:28:58 [main] INFO  c.t.s.t.t.k.s.TwitterToKafkaServiceApplication - No active profile set, falling back to 1 default profile: "default"
2023-01-19 21:28:59 [main] INFO  c.t.s.t.t.k.s.TwitterToKafkaServiceApplication - Started TwitterToKafkaServiceApplication in 0.791 seconds (process running for 1.268)
2023-01-19 21:28:59 [main] INFO  c.t.s.t.t.k.s.TwitterToKafkaServiceApplication - App starts...
2023-01-19 21:28:59 [main] INFO  c.t.s.t.t.k.s.TwitterToKafkaServiceApplication - [Java, Microservices, Spring, Kafka, Elasticsearch]
2023-01-19 21:28:59 [main] INFO  c.t.s.t.t.k.s.TwitterToKafkaServiceApplication - Java, Microservices, Spring, Kafka, Elasticsearch
2023-01-19 21:31:27 [main] INFO  c.t.s.t.t.k.s.TwitterToKafkaServiceApplication - Starting TwitterToKafkaServiceApplication using Java 17.0.5 with PID 38782 (/home/aman/Realtime-Projects/scekdm/twitter-to-kafka-service/target/classes started by aman in /home/aman/Realtime-Projects/scekdm)
2023-01-19 21:31:27 [main] INFO  c.t.s.t.t.k.s.TwitterToKafkaServiceApplication - No active profile set, falling back to 1 default profile: "default"
2023-01-19 21:31:27 [main] INFO  c.t.s.t.t.k.s.TwitterToKafkaServiceApplication - Started TwitterToKafkaServiceApplication in 0.782 seconds (process running for 1.182)
2023-01-19 21:31:27 [main] INFO  c.t.s.t.t.k.s.TwitterToKafkaServiceApplication - App starts...
2023-01-19 21:31:27 [main] INFO  c.t.s.t.t.k.s.TwitterToKafkaServiceApplication - [Java, Microservices, Spring, Kafka, Elasticsearch]
2023-01-19 21:31:27 [main] INFO  c.t.s.t.t.k.s.TwitterToKafkaServiceApplication - [Java, Microservices, Spring, Kafka, Elasticsearch]
2023-01-19 21:33:19 [main] INFO  c.t.s.t.t.k.s.TwitterToKafkaServiceApplication - Starting TwitterToKafkaServiceApplication using Java 17.0.5 with PID 39009 (/home/aman/Realtime-Projects/scekdm/twitter-to-kafka-service/target/classes started by aman in /home/aman/Realtime-Projects/scekdm)
2023-01-19 21:33:19 [main] INFO  c.t.s.t.t.k.s.TwitterToKafkaServiceApplication - No active profile set, falling back to 1 default profile: "default"
2023-01-19 21:33:19 [main] INFO  c.t.s.t.t.k.s.TwitterToKafkaServiceApplication - Started TwitterToKafkaServiceApplication in 0.759 seconds (process running for 1.184)
2023-01-19 21:33:19 [main] INFO  c.t.s.t.t.k.s.TwitterToKafkaServiceApplication - App starts...
2023-01-19 21:33:19 [main] INFO  c.t.s.t.t.k.s.TwitterToKafkaServiceApplication - [Java, Microservices, Spring, Kafka, Elasticsearch]
2023-01-19 21:33:19 [main] INFO  c.t.s.t.t.k.s.TwitterToKafkaServiceApplication - [Java, Microservices, Spring, Kafka, Elasticsearch]
2023-01-19 21:33:19 [main] INFO  c.t.s.t.t.k.s.TwitterToKafkaServiceApplication - Java, Microservices, Spring, Kafka, Elasticsearch
2023-01-19 21:34:15 [main] INFO  c.t.s.t.t.k.s.TwitterToKafkaServiceApplication - Starting TwitterToKafkaServiceApplication using Java 17.0.5 with PID 39151 (/home/aman/Realtime-Projects/scekdm/twitter-to-kafka-service/target/classes started by aman in /home/aman/Realtime-Projects/scekdm)
2023-01-19 21:34:15 [main] INFO  c.t.s.t.t.k.s.TwitterToKafkaServiceApplication - No active profile set, falling back to 1 default profile: "default"
2023-01-19 21:34:15 [main] INFO  c.t.s.t.t.k.s.TwitterToKafkaServiceApplication - Started TwitterToKafkaServiceApplication in 0.734 seconds (process running for 1.186)
2023-01-19 21:34:15 [main] INFO  c.t.s.t.t.k.s.TwitterToKafkaServiceApplication - App starts...
2023-01-19 21:34:15 [main] INFO  c.t.s.t.t.k.s.TwitterToKafkaServiceApplication - [Java, Microservices, Spring, Kafka, Elasticsearch]
2023-01-19 21:34:15 [main] INFO  c.t.s.t.t.k.s.TwitterToKafkaServiceApplication - Java, Microservices, Spring, Kafka, Elasticsearch
2023-01-19 21:34:15 [main] INFO  c.t.s.t.t.k.s.TwitterToKafkaServiceApplication - [Java, Microservices, Spring, Kafka, Elasticsearch]
2023-01-19 21:34:15 [main] INFO  c.t.s.t.t.k.s.TwitterToKafkaServiceApplication - Java, Microservices, Spring, Kafka, Elasticsearch
2023-01-19 21:39:01 [main] INFO  c.t.s.t.t.k.s.TwitterToKafkaServiceApplication - Starting TwitterToKafkaServiceApplication using Java 17.0.5 with PID 39652 (/home/aman/Realtime-Projects/scekdm/twitter-to-kafka-service/target/classes started by aman in /home/aman/Realtime-Projects/scekdm)
2023-01-19 21:39:01 [main] INFO  c.t.s.t.t.k.s.TwitterToKafkaServiceApplication - No active profile set, falling back to 1 default profile: "default"
2023-01-19 21:39:01 [main] INFO  c.t.s.t.t.k.s.TwitterToKafkaServiceApplication - Started TwitterToKafkaServiceApplication in 0.727 seconds (process running for 1.186)
2023-01-19 21:39:01 [main] INFO  c.t.s.t.t.k.s.TwitterToKafkaServiceApplication - App starts...
2023-01-19 21:39:01 [main] INFO  c.t.s.t.t.k.s.TwitterToKafkaServiceApplication - [Java, Microservices, Spring, Kafka, Elasticsearch]
2023-01-19 21:42:26 [main] INFO  c.t.s.t.t.k.s.TwitterToKafkaServiceApplication - Starting TwitterToKafkaServiceApplication using Java 17.0.5 with PID 39922 (/home/aman/Realtime-Projects/scekdm/twitter-to-kafka-service/target/classes started by aman in /home/aman/Realtime-Projects/scekdm)
2023-01-19 21:42:26 [main] INFO  c.t.s.t.t.k.s.TwitterToKafkaServiceApplication - No active profile set, falling back to 1 default profile: "default"
2023-01-19 21:42:26 [main] INFO  c.t.s.t.t.k.s.TwitterToKafkaServiceApplication - Started TwitterToKafkaServiceApplication in 0.731 seconds (process running for 1.113)
2023-01-19 21:42:26 [main] INFO  c.t.s.t.t.k.s.TwitterToKafkaServiceApplication - App starts...
2023-01-19 21:42:26 [main] INFO  c.t.s.t.t.k.s.TwitterToKafkaServiceApplication - [Java, Microservices, Spring, Kafka, Elasticsearch]
2023-01-19 21:46:27 [main] INFO  c.t.s.t.t.k.s.TwitterToKafkaServiceApplication - Starting TwitterToKafkaServiceApplication using Java 17.0.5 with PID 40333 (/home/aman/Realtime-Projects/scekdm/twitter-to-kafka-service/target/classes started by aman in /home/aman/Realtime-Projects/scekdm)
2023-01-19 21:46:27 [main] INFO  c.t.s.t.t.k.s.TwitterToKafkaServiceApplication - No active profile set, falling back to 1 default profile: "default"
2023-01-19 21:46:28 [main] INFO  c.t.s.t.t.k.s.TwitterToKafkaServiceApplication - Started TwitterToKafkaServiceApplication in 0.778 seconds (process running for 1.147)
2023-01-19 21:46:28 [main] INFO  c.t.s.t.t.k.s.TwitterToKafkaServiceApplication - App starts...
2023-01-19 21:46:28 [main] INFO  c.t.s.t.t.k.s.TwitterToKafkaServiceApplication - [Java, Microservices, Spring, Kafka, Elasticsearch]
2023-01-19 22:03:45 [main] INFO  c.t.s.t.t.k.s.TwitterToKafkaServiceApplication - Starting TwitterToKafkaServiceApplication using Java 17.0.5 with PID 41569 (/home/aman/Realtime-Projects/scekdm/twitter-to-kafka-service/target/classes started by aman in /home/aman/Realtime-Projects/scekdm)
2023-01-19 22:03:45 [main] INFO  c.t.s.t.t.k.s.TwitterToKafkaServiceApplication - No active profile set, falling back to 1 default profile: "default"
2023-01-19 22:03:45 [main] INFO  c.t.s.t.t.k.s.TwitterToKafkaServiceApplication - Started TwitterToKafkaServiceApplication in 0.73 seconds (process running for 1.195)
2023-01-19 22:03:45 [main] INFO  c.t.s.t.t.k.s.TwitterToKafkaServiceApplication - App starts...
2023-01-19 22:03:45 [main] INFO  c.t.s.t.t.k.s.TwitterToKafkaServiceApplication - [Java, Microservices, Spring, Kafka, Elasticsearch]
2023-01-19 22:07:02 [main] INFO  c.t.s.t.t.k.s.TwitterToKafkaServiceApplication - Starting TwitterToKafkaServiceApplication using Java 17.0.5 with PID 41802 (/home/aman/Realtime-Projects/scekdm/twitter-to-kafka-service/target/classes started by aman in /home/aman/Realtime-Projects/scekdm)
2023-01-19 22:07:02 [main] INFO  c.t.s.t.t.k.s.TwitterToKafkaServiceApplication - No active profile set, falling back to 1 default profile: "default"
2023-01-19 22:07:02 [main] INFO  c.t.s.t.t.k.s.TwitterToKafkaServiceApplication - Started TwitterToKafkaServiceApplication in 0.741 seconds (process running for 1.117)
2023-01-19 22:07:02 [main] INFO  c.t.s.t.t.k.s.TwitterToKafkaServiceApplication - App starts...
2023-01-19 22:07:02 [main] INFO  c.t.s.t.t.k.s.TwitterToKafkaServiceApplication - [Java, Microservices, Spring, Kafka, Elasticsearch]
2023-01-19 22:07:17 [main] INFO  c.t.s.t.t.k.s.TwitterToKafkaServiceApplication - Starting TwitterToKafkaServiceApplication using Java 17.0.5 with PID 41883 (/home/aman/Realtime-Projects/scekdm/twitter-to-kafka-service/target/classes started by aman in /home/aman/Realtime-Projects/scekdm)
2023-01-19 22:07:17 [main] INFO  c.t.s.t.t.k.s.TwitterToKafkaServiceApplication - No active profile set, falling back to 1 default profile: "default"
2023-01-19 22:07:18 [main] INFO  c.t.s.t.t.k.s.TwitterToKafkaServiceApplication - Started TwitterToKafkaServiceApplication in 0.711 seconds (process running for 1.133)
2023-01-19 22:07:18 [main] INFO  c.t.s.t.t.k.s.TwitterToKafkaServiceApplication - App starts...
2023-01-19 22:07:18 [main] INFO  c.t.s.t.t.k.s.TwitterToKafkaServiceApplication - [Java, Microservices, Spring, Kafka, Elasticsearch]
2023-01-19 22:08:00 [main] INFO  c.t.s.t.t.k.s.TwitterToKafkaServiceApplication - Starting TwitterToKafkaServiceApplication using Java 17.0.5 with PID 41988 (/home/aman/Realtime-Projects/scekdm/twitter-to-kafka-service/target/classes started by aman in /home/aman/Realtime-Projects/scekdm)
2023-01-19 22:08:00 [main] INFO  c.t.s.t.t.k.s.TwitterToKafkaServiceApplication - No active profile set, falling back to 1 default profile: "default"
2023-01-19 22:08:00 [main] INFO  c.t.s.t.t.k.s.TwitterToKafkaServiceApplication - Started TwitterToKafkaServiceApplication in 0.76 seconds (process running for 1.214)
2023-01-19 22:08:00 [main] INFO  c.t.s.t.t.k.s.TwitterToKafkaServiceApplication - App starts...
2023-01-19 22:08:00 [main] INFO  c.t.s.t.t.k.s.TwitterToKafkaServiceApplication - [Java, Microservices, Spring, Kafka, Elasticsearch]
2023-01-19 22:09:17 [main] INFO  c.t.s.t.t.k.s.TwitterToKafkaServiceApplication - Starting TwitterToKafkaServiceApplication using Java 17.0.5 with PID 42096 (/home/aman/Realtime-Projects/scekdm/twitter-to-kafka-service/target/classes started by aman in /home/aman/Realtime-Projects/scekdm)
2023-01-19 22:09:17 [main] INFO  c.t.s.t.t.k.s.TwitterToKafkaServiceApplication - No active profile set, falling back to 1 default profile: "default"
2023-01-19 22:09:18 [main] INFO  c.t.s.t.t.k.s.TwitterToKafkaServiceApplication - Started TwitterToKafkaServiceApplication in 0.72 seconds (process running for 1.116)
2023-01-19 22:09:18 [main] INFO  c.t.s.t.t.k.s.TwitterToKafkaServiceApplication - App starts...
2023-01-19 22:09:18 [main] INFO  c.t.s.t.t.k.s.TwitterToKafkaServiceApplication - [Java, Microservices, Spring, Kafka, Elasticsearch]
2023-01-19 22:18:23 [main] INFO  c.t.s.t.t.k.s.TwitterToKafkaServiceApplication - Starting TwitterToKafkaServiceApplication using Java 17.0.5 with PID 42710 (/home/aman/Realtime-Projects/scekdm/twitter-to-kafka-service/target/classes started by aman in /home/aman/Realtime-Projects/scekdm)
2023-01-19 22:18:23 [main] INFO  c.t.s.t.t.k.s.TwitterToKafkaServiceApplication - No active profile set, falling back to 1 default profile: "default"
2023-01-19 22:18:24 [main] INFO  c.t.s.t.t.k.s.TwitterToKafkaServiceApplication - Started TwitterToKafkaServiceApplication in 0.75 seconds (process running for 1.171)
2023-01-19 22:18:24 [main] INFO  c.t.s.t.t.k.s.TwitterToKafkaServiceApplication - App starts...
2023-01-19 22:18:24 [main] INFO  c.t.s.t.t.k.s.TwitterToKafkaServiceApplication - [Java, Microservices, Spring, Kafka, Elasticsearch]
2023-01-19 22:22:34 [main] INFO  c.t.s.t.t.k.s.TwitterToKafkaServiceApplication - Starting TwitterToKafkaServiceApplication using Java 17.0.5 with PID 42871 (/home/aman/Realtime-Projects/scekdm/twitter-to-kafka-service/target/classes started by aman in /home/aman/Realtime-Projects/scekdm)
2023-01-19 22:22:34 [main] INFO  c.t.s.t.t.k.s.TwitterToKafkaServiceApplication - No active profile set, falling back to 1 default profile: "default"
2023-01-19 22:22:34 [main] INFO  c.t.s.t.t.k.s.TwitterToKafkaServiceApplication - Started TwitterToKafkaServiceApplication in 0.707 seconds (process running for 1.131)
2023-01-19 22:22:34 [main] INFO  c.t.s.t.t.k.s.TwitterToKafkaServiceApplication - App starts...
2023-01-19 22:22:34 [main] INFO  c.t.s.t.t.k.s.TwitterToKafkaServiceApplication - [Java, Microservices, Spring, Kafka, Elasticsearch]
2023-01-19 23:18:56 [main] INFO  c.t.s.t.t.k.s.TwitterToKafkaServiceApplication - Starting TwitterToKafkaServiceApplication using Java 17.0.5 with PID 47540 (/home/aman/Realtime-Projects/scekdm/twitter-to-kafka-service/target/classes started by aman in /home/aman/Realtime-Projects/scekdm)
2023-01-19 23:18:56 [main] INFO  c.t.s.t.t.k.s.TwitterToKafkaServiceApplication - No active profile set, falling back to 1 default profile: "default"
2023-01-19 23:18:56 [main] INFO  c.t.s.t.t.k.s.TwitterToKafkaServiceApplication - Started TwitterToKafkaServiceApplication in 0.717 seconds (process running for 1.187)
2023-01-19 23:18:56 [main] INFO  c.t.s.t.t.k.s.TwitterToKafkaServiceApplication - App starts...
2023-01-19 23:18:56 [main] INFO  c.t.s.t.t.k.s.TwitterToKafkaServiceApplication - [Java, Microservices, Spring, Kafka, Elasticsearch]
2023-01-19 23:19:55 [main] INFO  c.t.s.t.t.k.s.TwitterToKafkaServiceApplication - Starting TwitterToKafkaServiceApplication using Java 17.0.5 with PID 47635 (/home/aman/Realtime-Projects/scekdm/twitter-to-kafka-service/target/classes started by aman in /home/aman/Realtime-Projects/scekdm)
2023-01-19 23:19:55 [main] INFO  c.t.s.t.t.k.s.TwitterToKafkaServiceApplication - No active profile set, falling back to 1 default profile: "default"
2023-01-19 23:19:55 [main] INFO  c.t.s.t.t.k.s.TwitterToKafkaServiceApplication - Started TwitterToKafkaServiceApplication in 0.707 seconds (process running for 1.098)
2023-01-19 23:19:55 [main] INFO  c.t.s.t.t.k.s.TwitterToKafkaServiceApplication - App starts...
2023-01-19 23:19:55 [main] INFO  c.t.s.t.t.k.s.TwitterToKafkaServiceApplication - [Java, Microservices, Spring, Kafka, Elasticsearch]
2023-01-19 23:27:21 [main] INFO  c.t.s.t.t.k.s.TwitterToKafkaServiceApplication - Starting TwitterToKafkaServiceApplication using Java 17.0.5 with PID 47965 (/home/aman/Realtime-Projects/scekdm/twitter-to-kafka-service/target/classes started by aman in /home/aman/Realtime-Projects/scekdm)
2023-01-19 23:27:21 [main] INFO  c.t.s.t.t.k.s.TwitterToKafkaServiceApplication - No active profile set, falling back to 1 default profile: "default"
2023-01-19 23:27:21 [main] INFO  c.t.s.t.t.k.s.TwitterToKafkaServiceApplication - Started TwitterToKafkaServiceApplication in 0.72 seconds (process running for 1.151)
2023-01-19 23:27:21 [main] INFO  c.t.s.t.t.k.s.TwitterToKafkaServiceApplication - App starts...
2023-01-19 23:27:21 [main] INFO  c.t.s.t.t.k.s.TwitterToKafkaServiceApplication - [Java, Microservices, Spring, Kafka, Elasticsearch]
2023-01-19 23:35:06 [main] INFO  c.t.s.t.t.k.s.TwitterToKafkaServiceApplication - Starting TwitterToKafkaServiceApplication using Java 17.0.5 with PID 48273 (/home/aman/Realtime-Projects/scekdm/twitter-to-kafka-service/target/classes started by aman in /home/aman/Realtime-Projects/scekdm)
2023-01-19 23:35:06 [main] INFO  c.t.s.t.t.k.s.TwitterToKafkaServiceApplication - No active profile set, falling back to 1 default profile: "default"
2023-01-19 23:35:06 [main] INFO  c.t.s.t.t.k.s.TwitterToKafkaServiceApplication - Started TwitterToKafkaServiceApplication in 0.715 seconds (process running for 1.16)
2023-01-19 23:35:06 [main] INFO  c.t.s.t.t.k.s.TwitterToKafkaServiceApplication - App starts...
2023-01-19 23:35:06 [main] INFO  c.t.s.t.t.k.s.TwitterToKafkaServiceApplication - [Java, Microservices, Spring, Kafka, Elasticsearch]
